mode: atomic
github.com/avadhutp/phileas/vendor/github.com/denisenkom/go-mssqldb/types.go:83.48,85.20 2 0
github.com/avadhutp/phileas/vendor/github.com/denisenkom/go-mssqldb/types.go:106.2,106.8 1 0
github.com/avadhutp/phileas/vendor/github.com/denisenkom/go-mssqldb/types.go:86.2,89.21 1 0
github.com/avadhutp/phileas/vendor/github.com/denisenkom/go-mssqldb/types.go:101.3,102.38 2 0
github.com/avadhutp/phileas/vendor/github.com/denisenkom/go-mssqldb/types.go:103.2,104.22 1 0
github.com/avadhutp/phileas/vendor/github.com/denisenkom/go-mssqldb/types.go:90.3,91.16 1 0
github.com/avadhutp/phileas/vendor/github.com/denisenkom/go-mssqldb/types.go:92.3,93.16 1 0
github.com/avadhutp/phileas/vendor/github.com/denisenkom/go-mssqldb/types.go:94.3,95.16 1 0
github.com/avadhutp/phileas/vendor/github.com/denisenkom/go-mssqldb/types.go:96.3,97.16 1 0
github.com/avadhutp/phileas/vendor/github.com/denisenkom/go-mssqldb/types.go:98.3,99.16 1 0
github.com/avadhutp/phileas/vendor/github.com/denisenkom/go-mssqldb/types.go:109.59,111.16 2 0
github.com/avadhutp/phileas/vendor/github.com/denisenkom/go-mssqldb/types.go:114.2,114.19 1 0
github.com/avadhutp/phileas/vendor/github.com/denisenkom/go-mssqldb/types.go:124.2,124.8 1 0
github.com/avadhutp/phileas/vendor/github.com/denisenkom/go-mssqldb/types.go:111.16,113.3 1 0
github.com/avadhutp/phileas/vendor/github.com/denisenkom/go-mssqldb/types.go:115.2,116.69 0 0
github.com/avadhutp/phileas/vendor/github.com/denisenkom/go-mssqldb/types.go:118.2,120.17 2 0
github.com/avadhutp/phileas/vendor/github.com/denisenkom/go-mssqldb/types.go:120.17,122.4 1 0
github.com/avadhutp/phileas/vendor/github.com/denisenkom/go-mssqldb/types.go:127.57,128.19 1 0
github.com/avadhutp/phileas/vendor/github.com/denisenkom/go-mssqldb/types.go:190.2,190.8 1 0
github.com/avadhutp/phileas/vendor/github.com/denisenkom/go-mssqldb/types.go:129.2,129.17 0 0
github.com/avadhutp/phileas/vendor/github.com/denisenkom/go-mssqldb/types.go:131.2,132.71 1 0
github.com/avadhutp/phileas/vendor/github.com/denisenkom/go-mssqldb/types.go:135.3,135.31 1 0
github.com/avadhutp/phileas/vendor/github.com/denisenkom/go-mssqldb/types.go:136.2,141.21 1 0
github.com/avadhutp/phileas/vendor/github.com/denisenkom/go-mssqldb/types.go:144.3,144.77 1 0
github.com/avadhutp/phileas/vendor/github.com/denisenkom/go-mssqldb/types.go:147.3,147.20 1 0
github.com/avadhutp/phileas/vendor/github.com/denisenkom/go-mssqldb/types.go:158.3,158.31 1 0
github.com/avadhutp/phileas/vendor/github.com/denisenkom/go-mssqldb/types.go:159.2,162.37 1 0
github.com/avadhutp/phileas/vendor/github.com/denisenkom/go-mssqldb/types.go:173.3,173.20 1 0
github.com/avadhutp/phileas/vendor/github.com/denisenkom/go-mssqldb/types.go:184.2,186.40 1 0
github.com/avadhutp/phileas/vendor/github.com/denisenkom/go-mssqldb/types.go:187.2,188.24 1 0
github.com/avadhutp/phileas/vendor/github.com/denisenkom/go-mssqldb/types.go:132.71,134.4 1 0
github.com/avadhutp/phileas/vendor/github.com/denisenkom/go-mssqldb/types.go:141.21,142.42 1 0
github.com/avadhutp/phileas/vendor/github.com/denisenkom/go-mssqldb/types.go:144.77,146.4 1 0
github.com/avadhutp/phileas/vendor/github.com/denisenkom/go-mssqldb/types.go:148.3,150.18 2 0
github.com/avadhutp/phileas/vendor/github.com/denisenkom/go-mssqldb/types.go:153.4,154.18 2 0
github.com/avadhutp/phileas/vendor/github.com/denisenkom/go-mssqldb/types.go:150.18,152.5 1 0
github.com/avadhutp/phileas/vendor/github.com/denisenkom/go-mssqldb/types.go:154.18,156.5 1 0
github.com/avadhutp/phileas/vendor/github.com/denisenkom/go-mssqldb/types.go:162.37,163.78 1 0
github.com/avadhutp/phileas/vendor/github.com/denisenkom/go-mssqldb/types.go:166.4,166.28 1 0
github.com/avadhutp/phileas/vendor/github.com/denisenkom/go-mssqldb/types.go:163.78,165.5 1 0
github.com/avadhutp/phileas/vendor/github.com/denisenkom/go-mssqldb/types.go:167.4,168.79 1 0
github.com/avadhutp/phileas/vendor/github.com/denisenkom/go-mssqldb/types.go:171.4,171.33 1 0
github.com/avadhutp/phileas/vendor/github.com/denisenkom/go-mssqldb/types.go:168.79,170.5 1 0
github.com/avadhutp/phileas/vendor/github.com/denisenkom/go-mssqldb/types.go:174.3,175.57 1 0
github.com/avadhutp/phileas/vendor/github.com/denisenkom/go-mssqldb/types.go:178.3,180.77 2 0
github.com/avadhutp/phileas/vendor/github.com/denisenkom/go-mssqldb/types.go:175.57,177.5 1 0
github.com/avadhutp/phileas/vendor/github.com/denisenkom/go-mssqldb/types.go:180.77,182.5 1 0
github.com/avadhutp/phileas/vendor/github.com/denisenkom/go-mssqldb/types.go:194.43,199.2 3 0
github.com/avadhutp/phileas/vendor/github.com/denisenkom/go-mssqldb/types.go:201.43,208.2 5 0
github.com/avadhutp/phileas/vendor/github.com/denisenkom/go-mssqldb/types.go:210.66,213.19 3 0
github.com/avadhutp/phileas/vendor/github.com/denisenkom/go-mssqldb/types.go:241.2,241.29 1 0
github.com/avadhutp/phileas/vendor/github.com/denisenkom/go-mssqldb/types.go:214.2,215.13 1 0
github.com/avadhutp/phileas/vendor/github.com/denisenkom/go-mssqldb/types.go:216.2,217.23 1 0
github.com/avadhutp/phileas/vendor/github.com/denisenkom/go-mssqldb/types.go:218.2,219.21 1 0
github.com/avadhutp/phileas/vendor/github.com/denisenkom/go-mssqldb/types.go:220.2,221.55 1 0
github.com/avadhutp/phileas/vendor/github.com/denisenkom/go-mssqldb/types.go:222.2,223.55 1 0
github.com/avadhutp/phileas/vendor/github.com/denisenkom/go-mssqldb/types.go:224.2,225.29 1 0
github.com/avadhutp/phileas/vendor/github.com/denisenkom/go-mssqldb/types.go:226.2,227.63 1 0
github.com/avadhutp/phileas/vendor/github.com/denisenkom/go-mssqldb/types.go:228.2,229.27 1 0
github.com/avadhutp/phileas/vendor/github.com/denisenkom/go-mssqldb/types.go:230.2,231.26 1 0
github.com/avadhutp/phileas/vendor/github.com/denisenkom/go-mssqldb/types.go:232.2,233.29 1 0
github.com/avadhutp/phileas/vendor/github.com/denisenkom/go-mssqldb/types.go:234.2,235.63 1 0
github.com/avadhutp/phileas/vendor/github.com/denisenkom/go-mssqldb/types.go:236.2,237.48 1 0
github.com/avadhutp/phileas/vendor/github.com/denisenkom/go-mssqldb/types.go:238.2,239.36 1 0
github.com/avadhutp/phileas/vendor/github.com/denisenkom/go-mssqldb/types.go:244.71,247.2 2 0
github.com/avadhutp/phileas/vendor/github.com/denisenkom/go-mssqldb/types.go:249.68,251.15 2 0
github.com/avadhutp/phileas/vendor/github.com/denisenkom/go-mssqldb/types.go:254.2,256.19 3 0
github.com/avadhutp/phileas/vendor/github.com/denisenkom/go-mssqldb/types.go:329.2,329.29 1 0
github.com/avadhutp/phileas/vendor/github.com/denisenkom/go-mssqldb/types.go:251.15,253.3 1 0
github.com/avadhutp/phileas/vendor/github.com/denisenkom/go-mssqldb/types.go:257.2,258.20 1 0
github.com/avadhutp/phileas/vendor/github.com/denisenkom/go-mssqldb/types.go:261.3,261.25 1 0
github.com/avadhutp/phileas/vendor/github.com/denisenkom/go-mssqldb/types.go:262.2,263.35 1 0
github.com/avadhutp/phileas/vendor/github.com/denisenkom/go-mssqldb/types.go:264.2,265.40 1 0
github.com/avadhutp/phileas/vendor/github.com/denisenkom/go-mssqldb/types.go:266.2,267.45 1 0
github.com/avadhutp/phileas/vendor/github.com/denisenkom/go-mssqldb/types.go:268.2,269.25 1 0
github.com/avadhutp/phileas/vendor/github.com/denisenkom/go-mssqldb/types.go:270.2,271.19 1 0
github.com/avadhutp/phileas/vendor/github.com/denisenkom/go-mssqldb/types.go:283.2,284.47 1 0
github.com/avadhutp/phileas/vendor/github.com/denisenkom/go-mssqldb/types.go:285.2,286.20 1 0
github.com/avadhutp/phileas/vendor/github.com/denisenkom/go-mssqldb/types.go:289.3,289.21 1 0
github.com/avadhutp/phileas/vendor/github.com/denisenkom/go-mssqldb/types.go:290.2,291.19 1 0
github.com/avadhutp/phileas/vendor/github.com/denisenkom/go-mssqldb/types.go:299.2,300.19 1 0
github.com/avadhutp/phileas/vendor/github.com/denisenkom/go-mssqldb/types.go:308.2,309.19 1 0
github.com/avadhutp/phileas/vendor/github.com/denisenkom/go-mssqldb/types.go:317.2,318.39 1 0
github.com/avadhutp/phileas/vendor/github.com/denisenkom/go-mssqldb/types.go:319.2,325.13 3 0
github.com/avadhutp/phileas/vendor/github.com/denisenkom/go-mssqldb/types.go:326.2,327.36 1 0
github.com/avadhutp/phileas/vendor/github.com/denisenkom/go-mssqldb/types.go:258.20,260.4 1 0
github.com/avadhutp/phileas/vendor/github.com/denisenkom/go-mssqldb/types.go:272.3,273.24 1 0
github.com/avadhutp/phileas/vendor/github.com/denisenkom/go-mssqldb/types.go:274.3,275.58 1 0
github.com/avadhutp/phileas/vendor/github.com/denisenkom/go-mssqldb/types.go:276.3,277.56 1 0
github.com/avadhutp/phileas/vendor/github.com/denisenkom/go-mssqldb/types.go:278.3,279.49 1 0
github.com/avadhutp/phileas/vendor/github.com/denisenkom/go-mssqldb/types.go:280.3,281.48 1 0
github.com/avadhutp/phileas/vendor/github.com/denisenkom/go-mssqldb/types.go:286.20,288.4 1 0
github.com/avadhutp/phileas/vendor/github.com/denisenkom/go-mssqldb/types.go:292.3,293.73 1 0
github.com/avadhutp/phileas/vendor/github.com/denisenkom/go-mssqldb/types.go:294.3,295.64 1 0
github.com/avadhutp/phileas/vendor/github.com/denisenkom/go-mssqldb/types.go:296.3,297.48 1 0
github.com/avadhutp/phileas/vendor/github.com/denisenkom/go-mssqldb/types.go:301.3,302.28 1 0
github.com/avadhutp/phileas/vendor/github.com/denisenkom/go-mssqldb/types.go:303.3,304.27 1 0
github.com/avadhutp/phileas/vendor/github.com/denisenkom/go-mssqldb/types.go:305.3,306.50 1 0
github.com/avadhutp/phileas/vendor/github.com/denisenkom/go-mssqldb/types.go:310.3,311.30 1 0
github.com/avadhutp/phileas/vendor/github.com/denisenkom/go-mssqldb/types.go:312.3,313.30 1 0
github.com/avadhutp/phileas/vendor/github.com/denisenkom/go-mssqldb/types.go:314.3,315.53 1 0
github.com/avadhutp/phileas/vendor/github.com/denisenkom/go-mssqldb/types.go:332.73,333.20 1 0
github.com/avadhutp/phileas/vendor/github.com/denisenkom/go-mssqldb/types.go:336.2,337.16 2 0
github.com/avadhutp/phileas/vendor/github.com/denisenkom/go-mssqldb/types.go:340.2,341.8 2 0
github.com/avadhutp/phileas/vendor/github.com/denisenkom/go-mssqldb/types.go:333.20,334.41 1 0
github.com/avadhutp/phileas/vendor/github.com/denisenkom/go-mssqldb/types.go:337.16,339.3 1 0
github.com/avadhutp/phileas/vendor/github.com/denisenkom/go-mssqldb/types.go:344.69,346.20 2 0
github.com/avadhutp/phileas/vendor/github.com/denisenkom/go-mssqldb/types.go:349.2,351.19 3 0
github.com/avadhutp/phileas/vendor/github.com/denisenkom/go-mssqldb/types.go:368.2,368.29 1 0
github.com/avadhutp/phileas/vendor/github.com/denisenkom/go-mssqldb/types.go:346.20,348.3 1 0
github.com/avadhutp/phileas/vendor/github.com/denisenkom/go-mssqldb/types.go:352.2,353.39 1 0
github.com/avadhutp/phileas/vendor/github.com/denisenkom/go-mssqldb/types.go:354.2,360.13 3 0
github.com/avadhutp/phileas/vendor/github.com/denisenkom/go-mssqldb/types.go:361.2,362.26 1 0
github.com/avadhutp/phileas/vendor/github.com/denisenkom/go-mssqldb/types.go:363.2,364.29 1 0
github.com/avadhutp/phileas/vendor/github.com/denisenkom/go-mssqldb/types.go:365.2,366.36 1 0
github.com/avadhutp/phileas/vendor/github.com/denisenkom/go-mssqldb/types.go:371.74,372.16 1 0
github.com/avadhutp/phileas/vendor/github.com/denisenkom/go-mssqldb/types.go:376.2,376.22 1 0
github.com/avadhutp/phileas/vendor/github.com/denisenkom/go-mssqldb/types.go:379.2,380.16 2 0
github.com/avadhutp/phileas/vendor/github.com/denisenkom/go-mssqldb/types.go:383.2,384.8 2 0
github.com/avadhutp/phileas/vendor/github.com/denisenkom/go-mssqldb/types.go:372.16,375.3 2 0
github.com/avadhutp/phileas/vendor/github.com/denisenkom/go-mssqldb/types.go:376.22,377.43 1 0
github.com/avadhutp/phileas/vendor/github.com/denisenkom/go-mssqldb/types.go:380.16,382.3 1 0
github.com/avadhutp/phileas/vendor/github.com/denisenkom/go-mssqldb/types.go:387.68,393.22 2 0
github.com/avadhutp/phileas/vendor/github.com/denisenkom/go-mssqldb/types.go:396.2,401.16 6 0
github.com/avadhutp/phileas/vendor/github.com/denisenkom/go-mssqldb/types.go:404.2,406.19 3 0
github.com/avadhutp/phileas/vendor/github.com/denisenkom/go-mssqldb/types.go:416.2,416.29 1 0
github.com/avadhutp/phileas/vendor/github.com/denisenkom/go-mssqldb/types.go:393.22,395.3 1 0
github.com/avadhutp/phileas/vendor/github.com/denisenkom/go-mssqldb/types.go:401.16,403.3 1 0
github.com/avadhutp/phileas/vendor/github.com/denisenkom/go-mssqldb/types.go:407.2,408.39 1 0
github.com/avadhutp/phileas/vendor/github.com/denisenkom/go-mssqldb/types.go:409.2,410.13 1 0
github.com/avadhutp/phileas/vendor/github.com/denisenkom/go-mssqldb/types.go:411.2,412.26 1 0
github.com/avadhutp/phileas/vendor/github.com/denisenkom/go-mssqldb/types.go:413.2,414.36 1 0
github.com/avadhutp/phileas/vendor/github.com/denisenkom/go-mssqldb/types.go:421.68,423.15 2 0
github.com/avadhutp/phileas/vendor/github.com/denisenkom/go-mssqldb/types.go:426.2,428.17 3 0
github.com/avadhutp/phileas/vendor/github.com/denisenkom/go-mssqldb/types.go:508.2,508.29 1 0
github.com/avadhutp/phileas/vendor/github.com/denisenkom/go-mssqldb/types.go:423.15,425.3 1 0
github.com/avadhutp/phileas/vendor/github.com/denisenkom/go-mssqldb/types.go:429.2,432.13 3 0
github.com/avadhutp/phileas/vendor/github.com/denisenkom/go-mssqldb/types.go:433.2,434.23 1 0
github.com/avadhutp/phileas/vendor/github.com/denisenkom/go-mssqldb/types.go:435.2,436.25 1 0
github.com/avadhutp/phileas/vendor/github.com/denisenkom/go-mssqldb/types.go:437.2,438.34 1 0
github.com/avadhutp/phileas/vendor/github.com/denisenkom/go-mssqldb/types.go:439.2,440.26 1 0
github.com/avadhutp/phileas/vendor/github.com/denisenkom/go-mssqldb/types.go:441.2,442.27 1 0
github.com/avadhutp/phileas/vendor/github.com/denisenkom/go-mssqldb/types.go:443.2,446.29 3 0
github.com/avadhutp/phileas/vendor/github.com/denisenkom/go-mssqldb/types.go:447.2,450.29 3 0
github.com/avadhutp/phileas/vendor/github.com/denisenkom/go-mssqldb/types.go:451.2,452.51 1 0
github.com/avadhutp/phileas/vendor/github.com/denisenkom/go-mssqldb/types.go:453.2,454.42 1 0
github.com/avadhutp/phileas/vendor/github.com/denisenkom/go-mssqldb/types.go:455.2,458.27 3 0
github.com/avadhutp/phileas/vendor/github.com/denisenkom/go-mssqldb/types.go:459.2,462.26 3 0
github.com/avadhutp/phileas/vendor/github.com/denisenkom/go-mssqldb/types.go:463.2,466.25 3 0
github.com/avadhutp/phileas/vendor/github.com/denisenkom/go-mssqldb/types.go:467.2,471.32 4 0
github.com/avadhutp/phileas/vendor/github.com/denisenkom/go-mssqldb/types.go:472.2,476.37 4 0
github.com/avadhutp/phileas/vendor/github.com/denisenkom/go-mssqldb/types.go:477.2,481.42 4 0
github.com/avadhutp/phileas/vendor/github.com/denisenkom/go-mssqldb/types.go:482.2,486.13 4 0
github.com/avadhutp/phileas/vendor/github.com/denisenkom/go-mssqldb/types.go:487.2,492.41 5 0
github.com/avadhutp/phileas/vendor/github.com/denisenkom/go-mssqldb/types.go:493.2,498.30 5 0
github.com/avadhutp/phileas/vendor/github.com/denisenkom/go-mssqldb/types.go:499.2,504.26 5 0
github.com/avadhutp/phileas/vendor/github.com/denisenkom/go-mssqldb/types.go:505.2,506.44 1 0
github.com/avadhutp/phileas/vendor/github.com/denisenkom/go-mssqldb/types.go:513.64,516.14 3 0
github.com/avadhutp/phileas/vendor/github.com/denisenkom/go-mssqldb/types.go:526.2,526.11 1 0
github.com/avadhutp/phileas/vendor/github.com/denisenkom/go-mssqldb/types.go:535.2,535.19 1 0
github.com/avadhutp/phileas/vendor/github.com/denisenkom/go-mssqldb/types.go:547.2,547.29 1 0
github.com/avadhutp/phileas/vendor/github.com/denisenkom/go-mssqldb/types.go:517.2,519.13 1 0
github.com/avadhutp/phileas/vendor/github.com/denisenkom/go-mssqldb/types.go:520.2,522.47 1 0
github.com/avadhutp/phileas/vendor/github.com/denisenkom/go-mssqldb/types.go:523.2,524.47 1 0
github.com/avadhutp/phileas/vendor/github.com/denisenkom/go-mssqldb/types.go:526.11,528.21 2 0
github.com/avadhutp/phileas/vendor/github.com/denisenkom/go-mssqldb/types.go:531.3,531.63 1 0
github.com/avadhutp/phileas/vendor/github.com/denisenkom/go-mssqldb/types.go:528.21,529.9 1 0
github.com/avadhutp/phileas/vendor/github.com/denisenkom/go-mssqldb/types.go:531.63,533.4 1 0
github.com/avadhutp/phileas/vendor/github.com/denisenkom/go-mssqldb/types.go:536.2,537.37 1 0
github.com/avadhutp/phileas/vendor/github.com/denisenkom/go-mssqldb/types.go:538.2,539.47 1 0
github.com/avadhutp/phileas/vendor/github.com/denisenkom/go-mssqldb/types.go:540.2,541.21 1 0
github.com/avadhutp/phileas/vendor/github.com/denisenkom/go-mssqldb/types.go:542.2,543.34 1 0
github.com/avadhutp/phileas/vendor/github.com/denisenkom/go-mssqldb/types.go:544.2,545.37 1 0
github.com/avadhutp/phileas/vendor/github.com/denisenkom/go-mssqldb/types.go:550.69,551.78 1 0
github.com/avadhutp/phileas/vendor/github.com/denisenkom/go-mssqldb/types.go:554.2,554.6 1 0
github.com/avadhutp/phileas/vendor/github.com/denisenkom/go-mssqldb/types.go:551.78,553.3 1 0
github.com/avadhutp/phileas/vendor/github.com/denisenkom/go-mssqldb/types.go:554.6,556.72 2 0
github.com/avadhutp/phileas/vendor/github.com/denisenkom/go-mssqldb/types.go:559.3,559.21 1 0
github.com/avadhutp/phileas/vendor/github.com/denisenkom/go-mssqldb/types.go:562.3,562.52 1 0
github.com/avadhutp/phileas/vendor/github.com/denisenkom/go-mssqldb/types.go:565.3,565.24 1 0
github.com/avadhutp/phileas/vendor/github.com/denisenkom/go-mssqldb/types.go:556.72,558.4 1 0
github.com/avadhutp/phileas/vendor/github.com/denisenkom/go-mssqldb/types.go:559.21,561.4 1 0
github.com/avadhutp/phileas/vendor/github.com/denisenkom/go-mssqldb/types.go:562.52,564.4 1 0
github.com/avadhutp/phileas/vendor/github.com/denisenkom/go-mssqldb/types.go:569.45,570.19 1 0
github.com/avadhutp/phileas/vendor/github.com/denisenkom/go-mssqldb/types.go:661.2,661.8 1 0
github.com/avadhutp/phileas/vendor/github.com/denisenkom/go-mssqldb/types.go:571.2,574.36 3 0
github.com/avadhutp/phileas/vendor/github.com/denisenkom/go-mssqldb/types.go:575.2,577.19 2 0
github.com/avadhutp/phileas/vendor/github.com/denisenkom/go-mssqldb/types.go:587.3,587.20 1 0
github.com/avadhutp/phileas/vendor/github.com/denisenkom/go-mssqldb/types.go:593.3,594.36 2 0
github.com/avadhutp/phileas/vendor/github.com/denisenkom/go-mssqldb/types.go:595.2,602.20 3 0
github.com/avadhutp/phileas/vendor/github.com/denisenkom/go-mssqldb/types.go:607.3,607.30 1 0
github.com/avadhutp/phileas/vendor/github.com/denisenkom/go-mssqldb/types.go:608.2,610.25 2 0
github.com/avadhutp/phileas/vendor/github.com/denisenkom/go-mssqldb/types.go:619.3,619.26 1 0
github.com/avadhutp/phileas/vendor/github.com/denisenkom/go-mssqldb/types.go:620.2,624.20 2 0
github.com/avadhutp/phileas/vendor/github.com/denisenkom/go-mssqldb/types.go:628.3,628.24 1 0
github.com/avadhutp/phileas/vendor/github.com/denisenkom/go-mssqldb/types.go:634.2,637.20 2 0
github.com/avadhutp/phileas/vendor/github.com/denisenkom/go-mssqldb/types.go:658.2,659.48 1 0
github.com/avadhutp/phileas/vendor/github.com/denisenkom/go-mssqldb/types.go:578.3,579.15 1 0
github.com/avadhutp/phileas/vendor/github.com/denisenkom/go-mssqldb/types.go:580.3,581.15 1 0
github.com/avadhutp/phileas/vendor/github.com/denisenkom/go-mssqldb/types.go:582.3,583.15 1 0
github.com/avadhutp/phileas/vendor/github.com/denisenkom/go-mssqldb/types.go:584.3,585.75 1 0
github.com/avadhutp/phileas/vendor/github.com/denisenkom/go-mssqldb/types.go:588.3,589.16 1 0
github.com/avadhutp/phileas/vendor/github.com/denisenkom/go-mssqldb/types.go:590.3,591.16 1 0
github.com/avadhutp/phileas/vendor/github.com/denisenkom/go-mssqldb/types.go:603.3,605.23 2 0
github.com/avadhutp/phileas/vendor/github.com/denisenkom/go-mssqldb/types.go:610.25,618.4 3 0
github.com/avadhutp/phileas/vendor/github.com/denisenkom/go-mssqldb/types.go:625.3,626.35 1 0
github.com/avadhutp/phileas/vendor/github.com/denisenkom/go-mssqldb/types.go:628.24,630.4 1 0
github.com/avadhutp/phileas/vendor/github.com/denisenkom/go-mssqldb/types.go:630.4,633.4 2 0
github.com/avadhutp/phileas/vendor/github.com/denisenkom/go-mssqldb/types.go:638.3,642.34 3 0
github.com/avadhutp/phileas/vendor/github.com/denisenkom/go-mssqldb/types.go:645.4,645.31 1 0
github.com/avadhutp/phileas/vendor/github.com/denisenkom/go-mssqldb/types.go:646.3,649.34 2 0
github.com/avadhutp/phileas/vendor/github.com/denisenkom/go-mssqldb/types.go:652.4,652.31 1 0
github.com/avadhutp/phileas/vendor/github.com/denisenkom/go-mssqldb/types.go:653.3,654.36 1 0
github.com/avadhutp/phileas/vendor/github.com/denisenkom/go-mssqldb/types.go:655.3,656.31 1 0
github.com/avadhutp/phileas/vendor/github.com/denisenkom/go-mssqldb/types.go:642.34,644.5 1 0
github.com/avadhutp/phileas/vendor/github.com/denisenkom/go-mssqldb/types.go:649.34,651.5 1 0
github.com/avadhutp/phileas/vendor/github.com/denisenkom/go-mssqldb/types.go:664.37,674.2 2 0
github.com/avadhutp/phileas/vendor/github.com/denisenkom/go-mssqldb/types.go:676.38,679.2 2 0
github.com/avadhutp/phileas/vendor/github.com/denisenkom/go-mssqldb/types.go:681.36,685.2 3 0
github.com/avadhutp/phileas/vendor/github.com/denisenkom/go-mssqldb/types.go:687.64,697.25 6 0
github.com/avadhutp/phileas/vendor/github.com/denisenkom/go-mssqldb/types.go:701.2,701.20 1 0
github.com/avadhutp/phileas/vendor/github.com/denisenkom/go-mssqldb/types.go:697.25,700.3 2 0
github.com/avadhutp/phileas/vendor/github.com/denisenkom/go-mssqldb/types.go:705.43,707.2 1 0
github.com/avadhutp/phileas/vendor/github.com/denisenkom/go-mssqldb/types.go:709.39,711.2 1 0
github.com/avadhutp/phileas/vendor/github.com/denisenkom/go-mssqldb/types.go:713.63,715.37 2 0
github.com/avadhutp/phileas/vendor/github.com/denisenkom/go-mssqldb/types.go:719.2,719.36 1 0
github.com/avadhutp/phileas/vendor/github.com/denisenkom/go-mssqldb/types.go:722.2,725.8 4 0
github.com/avadhutp/phileas/vendor/github.com/denisenkom/go-mssqldb/types.go:715.37,718.3 2 0
github.com/avadhutp/phileas/vendor/github.com/denisenkom/go-mssqldb/types.go:719.36,721.3 1 0
github.com/avadhutp/phileas/vendor/github.com/denisenkom/go-mssqldb/types.go:728.52,731.2 2 0
github.com/avadhutp/phileas/vendor/github.com/denisenkom/go-mssqldb/types.go:733.57,738.2 4 0
github.com/avadhutp/phileas/vendor/github.com/denisenkom/go-mssqldb/types.go:740.62,749.2 7 0
github.com/avadhutp/phileas/vendor/github.com/denisenkom/go-mssqldb/types.go:751.39,754.36 3 0
github.com/avadhutp/phileas/vendor/github.com/denisenkom/go-mssqldb/types.go:757.2,757.10 1 0
github.com/avadhutp/phileas/vendor/github.com/denisenkom/go-mssqldb/types.go:754.36,756.3 1 0
github.com/avadhutp/phileas/vendor/github.com/denisenkom/go-mssqldb/types.go:760.52,770.2 5 0
github.com/avadhutp/phileas/vendor/github.com/denisenkom/go-mssqldb/types.go:772.51,774.2 1 0
github.com/avadhutp/phileas/vendor/github.com/denisenkom/go-mssqldb/types.go:776.36,778.16 2 0
github.com/avadhutp/phileas/vendor/github.com/denisenkom/go-mssqldb/types.go:781.2,781.12 1 0
github.com/avadhutp/phileas/vendor/github.com/denisenkom/go-mssqldb/types.go:778.16,780.3 1 0
github.com/avadhutp/phileas/vendor/github.com/denisenkom/go-mssqldb/types.go:784.37,786.2 1 0
github.com/avadhutp/phileas/vendor/github.com/denisenkom/go-mssqldb/types.go:788.48,790.2 1 0
github.com/avadhutp/phileas/vendor/github.com/denisenkom/go-mssqldb/types.go:792.45,793.26 1 0
github.com/avadhutp/phileas/vendor/github.com/denisenkom/go-mssqldb/types.go:796.35,797.19 1 0
github.com/avadhutp/phileas/vendor/github.com/denisenkom/go-mssqldb/types.go:798.2,799.18 1 0
github.com/avadhutp/phileas/vendor/github.com/denisenkom/go-mssqldb/types.go:800.2,801.16 1 0
github.com/avadhutp/phileas/vendor/github.com/denisenkom/go-mssqldb/types.go:802.2,803.18 1 0
github.com/avadhutp/phileas/vendor/github.com/denisenkom/go-mssqldb/types.go:815.2,816.17 1 0
github.com/avadhutp/phileas/vendor/github.com/denisenkom/go-mssqldb/types.go:817.2,818.18 1 0
github.com/avadhutp/phileas/vendor/github.com/denisenkom/go-mssqldb/types.go:826.2,827.37 1 0
github.com/avadhutp/phileas/vendor/github.com/denisenkom/go-mssqldb/types.go:832.2,833.37 1 0
github.com/avadhutp/phileas/vendor/github.com/denisenkom/go-mssqldb/types.go:838.2,839.15 1 0
github.com/avadhutp/phileas/vendor/github.com/denisenkom/go-mssqldb/types.go:840.2,841.20 1 0
github.com/avadhutp/phileas/vendor/github.com/denisenkom/go-mssqldb/types.go:842.2,843.53 1 0
github.com/avadhutp/phileas/vendor/github.com/denisenkom/go-mssqldb/types.go:844.2,845.72 1 0
github.com/avadhutp/phileas/vendor/github.com/denisenkom/go-mssqldb/types.go:804.3,805.20 1 0
github.com/avadhutp/phileas/vendor/github.com/denisenkom/go-mssqldb/types.go:806.3,807.21 1 0
github.com/avadhutp/phileas/vendor/github.com/denisenkom/go-mssqldb/types.go:808.3,809.16 1 0
github.com/avadhutp/phileas/vendor/github.com/denisenkom/go-mssqldb/types.go:810.3,811.19 1 0
github.com/avadhutp/phileas/vendor/github.com/denisenkom/go-mssqldb/types.go:812.3,813.37 1 0
github.com/avadhutp/phileas/vendor/github.com/denisenkom/go-mssqldb/types.go:819.3,820.17 1 0
github.com/avadhutp/phileas/vendor/github.com/denisenkom/go-mssqldb/types.go:821.3,822.18 1 0
github.com/avadhutp/phileas/vendor/github.com/denisenkom/go-mssqldb/types.go:823.3,824.37 1 0
github.com/avadhutp/phileas/vendor/github.com/denisenkom/go-mssqldb/types.go:827.37,829.4 1 0
github.com/avadhutp/phileas/vendor/github.com/denisenkom/go-mssqldb/types.go:829.4,831.4 1 0
github.com/avadhutp/phileas/vendor/github.com/denisenkom/go-mssqldb/types.go:833.37,835.4 1 0
github.com/avadhutp/phileas/vendor/github.com/denisenkom/go-mssqldb/types.go:835.4,837.4 1 0
github.com/avadhutp/phileas/vendor/github.com/denisenkom/go-mssqldb/net.go:17.72,22.2 1 0
github.com/avadhutp/phileas/vendor/github.com/denisenkom/go-mssqldb/net.go:24.57,25.18 1 0
github.com/avadhutp/phileas/vendor/github.com/denisenkom/go-mssqldb/net.go:51.2,52.16 2 0
github.com/avadhutp/phileas/vendor/github.com/denisenkom/go-mssqldb/net.go:55.2,55.20 1 0
github.com/avadhutp/phileas/vendor/github.com/denisenkom/go-mssqldb/net.go:25.18,26.22 1 0
github.com/avadhutp/phileas/vendor/github.com/denisenkom/go-mssqldb/net.go:35.3,35.22 1 0
github.com/avadhutp/phileas/vendor/github.com/denisenkom/go-mssqldb/net.go:48.3,49.9 2 0
github.com/avadhutp/phileas/vendor/github.com/denisenkom/go-mssqldb/net.go:26.22,29.18 3 0
github.com/avadhutp/phileas/vendor/github.com/denisenkom/go-mssqldb/net.go:33.4,33.26 1 0
github.com/avadhutp/phileas/vendor/github.com/denisenkom/go-mssqldb/net.go:29.18,32.5 2 0
github.com/avadhutp/phileas/vendor/github.com/denisenkom/go-mssqldb/net.go:35.22,38.18 3 0
github.com/avadhutp/phileas/vendor/github.com/denisenkom/go-mssqldb/net.go:42.4,42.30 1 0
github.com/avadhutp/phileas/vendor/github.com/denisenkom/go-mssqldb/net.go:46.4,46.25 1 0
github.com/avadhutp/phileas/vendor/github.com/denisenkom/go-mssqldb/net.go:38.18,41.5 2 0
github.com/avadhutp/phileas/vendor/github.com/denisenkom/go-mssqldb/net.go:42.30,45.5 2 0
github.com/avadhutp/phileas/vendor/github.com/denisenkom/go-mssqldb/net.go:52.16,54.3 1 0
github.com/avadhutp/phileas/vendor/github.com/denisenkom/go-mssqldb/net.go:58.58,59.18 1 0
github.com/avadhutp/phileas/vendor/github.com/denisenkom/go-mssqldb/net.go:70.2,71.16 2 0
github.com/avadhutp/phileas/vendor/github.com/denisenkom/go-mssqldb/net.go:74.2,74.21 1 0
github.com/avadhutp/phileas/vendor/github.com/denisenkom/go-mssqldb/net.go:59.18,60.23 1 0
github.com/avadhutp/phileas/vendor/github.com/denisenkom/go-mssqldb/net.go:64.3,65.17 2 0
github.com/avadhutp/phileas/vendor/github.com/denisenkom/go-mssqldb/net.go:68.3,68.9 1 0
github.com/avadhutp/phileas/vendor/github.com/denisenkom/go-mssqldb/net.go:60.23,63.4 2 0
github.com/avadhutp/phileas/vendor/github.com/denisenkom/go-mssqldb/net.go:65.17,67.4 1 0
github.com/avadhutp/phileas/vendor/github.com/denisenkom/go-mssqldb/net.go:71.16,73.3 1 0
github.com/avadhutp/phileas/vendor/github.com/denisenkom/go-mssqldb/net.go:77.36,79.2 1 0
github.com/avadhutp/phileas/vendor/github.com/denisenkom/go-mssqldb/net.go:81.43,83.2 1 0
github.com/avadhutp/phileas/vendor/github.com/denisenkom/go-mssqldb/net.go:85.44,87.2 1 0
github.com/avadhutp/phileas/vendor/github.com/denisenkom/go-mssqldb/net.go:89.53,90.26 1 0
github.com/avadhutp/phileas/vendor/github.com/denisenkom/go-mssqldb/net.go:93.57,94.26 1 0
github.com/avadhutp/phileas/vendor/github.com/denisenkom/go-mssqldb/net.go:97.58,98.26 1 0
github.com/avadhutp/phileas/vendor/github.com/denisenkom/go-mssqldb/rpc.go:25.43,27.20 2 0
github.com/avadhutp/phileas/vendor/github.com/denisenkom/go-mssqldb/rpc.go:30.2,30.25 1 0
github.com/avadhutp/phileas/vendor/github.com/denisenkom/go-mssqldb/rpc.go:33.2,33.12 1 0
github.com/avadhutp/phileas/vendor/github.com/denisenkom/go-mssqldb/rpc.go:27.20,28.39 1 0
github.com/avadhutp/phileas/vendor/github.com/denisenkom/go-mssqldb/rpc.go:30.25,31.72 1 0
github.com/avadhutp/phileas/vendor/github.com/denisenkom/go-mssqldb/rpc.go:60.109,63.25 3 0
github.com/avadhutp/phileas/vendor/github.com/denisenkom/go-mssqldb/rpc.go:79.2,80.16 2 0
github.com/avadhutp/phileas/vendor/github.com/denisenkom/go-mssqldb/rpc.go:83.2,83.31 1 0
github.com/avadhutp/phileas/vendor/github.com/denisenkom/go-mssqldb/rpc.go:99.2,99.27 1 0
github.com/avadhutp/phileas/vendor/github.com/denisenkom/go-mssqldb/rpc.go:63.25,66.17 3 0
github.com/avadhutp/phileas/vendor/github.com/denisenkom/go-mssqldb/rpc.go:69.3,70.17 2 0
github.com/avadhutp/phileas/vendor/github.com/denisenkom/go-mssqldb/rpc.go:66.17,68.4 1 0
github.com/avadhutp/phileas/vendor/github.com/denisenkom/go-mssqldb/rpc.go:70.17,72.4 1 0
github.com/avadhutp/phileas/vendor/github.com/denisenkom/go-mssqldb/rpc.go:73.3,75.17 2 0
github.com/avadhutp/phileas/vendor/github.com/denisenkom/go-mssqldb/rpc.go:75.17,77.4 1 0
github.com/avadhutp/phileas/vendor/github.com/denisenkom/go-mssqldb/rpc.go:80.16,82.3 1 0
github.com/avadhutp/phileas/vendor/github.com/denisenkom/go-mssqldb/rpc.go:83.31,84.55 1 0
github.com/avadhutp/phileas/vendor/github.com/denisenkom/go-mssqldb/rpc.go:87.3,87.76 1 0
github.com/avadhutp/phileas/vendor/github.com/denisenkom/go-mssqldb/rpc.go:90.3,91.17 2 0
github.com/avadhutp/phileas/vendor/github.com/denisenkom/go-mssqldb/rpc.go:94.3,95.17 2 0
github.com/avadhutp/phileas/vendor/github.com/denisenkom/go-mssqldb/rpc.go:84.55,86.4 1 0
github.com/avadhutp/phileas/vendor/github.com/denisenkom/go-mssqldb/rpc.go:87.76,89.4 1 0
github.com/avadhutp/phileas/vendor/github.com/denisenkom/go-mssqldb/rpc.go:91.17,93.4 1 0
github.com/avadhutp/phileas/vendor/github.com/denisenkom/go-mssqldb/rpc.go:95.17,97.4 1 0
github.com/avadhutp/phileas/vendor/github.com/denisenkom/go-mssqldb/tran.go:20.27,25.16 5 0
github.com/avadhutp/phileas/vendor/github.com/denisenkom/go-mssqldb/tran.go:28.2,29.16 2 0
github.com/avadhutp/phileas/vendor/github.com/denisenkom/go-mssqldb/tran.go:32.2,33.16 2 0
github.com/avadhutp/phileas/vendor/github.com/denisenkom/go-mssqldb/tran.go:36.2,36.27 1 0
github.com/avadhutp/phileas/vendor/github.com/denisenkom/go-mssqldb/tran.go:25.16,27.3 1 0
github.com/avadhutp/phileas/vendor/github.com/denisenkom/go-mssqldb/tran.go:29.16,31.3 1 0
github.com/avadhutp/phileas/vendor/github.com/denisenkom/go-mssqldb/tran.go:33.16,35.3 1 0
github.com/avadhutp/phileas/vendor/github.com/denisenkom/go-mssqldb/tran.go:43.126,48.16 5 0
github.com/avadhutp/phileas/vendor/github.com/denisenkom/go-mssqldb/tran.go:51.2,52.16 2 0
github.com/avadhutp/phileas/vendor/github.com/denisenkom/go-mssqldb/tran.go:55.2,56.16 2 0
github.com/avadhutp/phileas/vendor/github.com/denisenkom/go-mssqldb/tran.go:59.2,59.27 1 0
github.com/avadhutp/phileas/vendor/github.com/denisenkom/go-mssqldb/tran.go:69.2,69.27 1 0
github.com/avadhutp/phileas/vendor/github.com/denisenkom/go-mssqldb/tran.go:48.16,50.3 1 0
github.com/avadhutp/phileas/vendor/github.com/denisenkom/go-mssqldb/tran.go:52.16,54.3 1 0
github.com/avadhutp/phileas/vendor/github.com/denisenkom/go-mssqldb/tran.go:56.16,58.3 1 0
github.com/avadhutp/phileas/vendor/github.com/denisenkom/go-mssqldb/tran.go:59.27,61.17 2 0
github.com/avadhutp/phileas/vendor/github.com/denisenkom/go-mssqldb/tran.go:64.3,65.17 2 0
github.com/avadhutp/phileas/vendor/github.com/denisenkom/go-mssqldb/tran.go:61.17,63.4 1 0
github.com/avadhutp/phileas/vendor/github.com/denisenkom/go-mssqldb/tran.go:65.17,67.4 1 0
github.com/avadhutp/phileas/vendor/github.com/denisenkom/go-mssqldb/tran.go:72.128,77.16 5 0
github.com/avadhutp/phileas/vendor/github.com/denisenkom/go-mssqldb/tran.go:80.2,81.16 2 0
github.com/avadhutp/phileas/vendor/github.com/denisenkom/go-mssqldb/tran.go:84.2,85.16 2 0
github.com/avadhutp/phileas/vendor/github.com/denisenkom/go-mssqldb/tran.go:88.2,88.27 1 0
github.com/avadhutp/phileas/vendor/github.com/denisenkom/go-mssqldb/tran.go:98.2,98.27 1 0
github.com/avadhutp/phileas/vendor/github.com/denisenkom/go-mssqldb/tran.go:77.16,79.3 1 0
github.com/avadhutp/phileas/vendor/github.com/denisenkom/go-mssqldb/tran.go:81.16,83.3 1 0
github.com/avadhutp/phileas/vendor/github.com/denisenkom/go-mssqldb/tran.go:85.16,87.3 1 0
github.com/avadhutp/phileas/vendor/github.com/denisenkom/go-mssqldb/tran.go:88.27,90.17 2 0
github.com/avadhutp/phileas/vendor/github.com/denisenkom/go-mssqldb/tran.go:93.3,94.17 2 0
github.com/avadhutp/phileas/vendor/github.com/denisenkom/go-mssqldb/tran.go:90.17,92.4 1 0
github.com/avadhutp/phileas/vendor/github.com/denisenkom/go-mssqldb/tran.go:94.17,96.4 1 0
github.com/avadhutp/phileas/vendor/github.com/denisenkom/go-mssqldb/buf.go:27.73,35.2 7 1
github.com/avadhutp/phileas/vendor/github.com/denisenkom/go-mssqldb/buf.go:37.41,39.59 2 0
github.com/avadhutp/phileas/vendor/github.com/denisenkom/go-mssqldb/buf.go:42.2,42.25 1 0
github.com/avadhutp/phileas/vendor/github.com/denisenkom/go-mssqldb/buf.go:46.2,48.12 3 0
github.com/avadhutp/phileas/vendor/github.com/denisenkom/go-mssqldb/buf.go:39.59,41.3 1 0
github.com/avadhutp/phileas/vendor/github.com/denisenkom/go-mssqldb/buf.go:42.25,45.3 2 0
github.com/avadhutp/phileas/vendor/github.com/denisenkom/go-mssqldb/buf.go:51.57,53.6 2 12
github.com/avadhutp/phileas/vendor/github.com/denisenkom/go-mssqldb/buf.go:65.2,65.19 1 12
github.com/avadhutp/phileas/vendor/github.com/denisenkom/go-mssqldb/buf.go:53.6,57.23 4 12
github.com/avadhutp/phileas/vendor/github.com/denisenkom/go-mssqldb/buf.go:60.3,60.34 1 0
github.com/avadhutp/phileas/vendor/github.com/denisenkom/go-mssqldb/buf.go:63.3,63.17 1 0
github.com/avadhutp/phileas/vendor/github.com/denisenkom/go-mssqldb/buf.go:57.23,58.9 1 12
github.com/avadhutp/phileas/vendor/github.com/denisenkom/go-mssqldb/buf.go:60.34,62.4 1 0
github.com/avadhutp/phileas/vendor/github.com/denisenkom/go-mssqldb/buf.go:68.45,69.30 1 0
github.com/avadhutp/phileas/vendor/github.com/denisenkom/go-mssqldb/buf.go:74.2,76.12 3 0
github.com/avadhutp/phileas/vendor/github.com/denisenkom/go-mssqldb/buf.go:69.30,70.35 1 0
github.com/avadhutp/phileas/vendor/github.com/denisenkom/go-mssqldb/buf.go:70.35,72.4 1 0
github.com/avadhutp/phileas/vendor/github.com/denisenkom/go-mssqldb/buf.go:79.51,87.2 7 1
github.com/avadhutp/phileas/vendor/github.com/denisenkom/go-mssqldb/buf.go:89.48,93.25 4 1
github.com/avadhutp/phileas/vendor/github.com/denisenkom/go-mssqldb/buf.go:97.2,97.12 1 1
github.com/avadhutp/phileas/vendor/github.com/denisenkom/go-mssqldb/buf.go:93.25,96.3 2 0
github.com/avadhutp/phileas/vendor/github.com/denisenkom/go-mssqldb/buf.go:100.44,104.16 4 0
github.com/avadhutp/phileas/vendor/github.com/denisenkom/go-mssqldb/buf.go:107.2,109.16 3 0
github.com/avadhutp/phileas/vendor/github.com/denisenkom/go-mssqldb/buf.go:112.2,116.12 5 0
github.com/avadhutp/phileas/vendor/github.com/denisenkom/go-mssqldb/buf.go:104.16,106.3 1 0
github.com/avadhutp/phileas/vendor/github.com/denisenkom/go-mssqldb/buf.go:109.16,111.3 1 0
github.com/avadhutp/phileas/vendor/github.com/denisenkom/go-mssqldb/buf.go:119.48,121.16 2 0
github.com/avadhutp/phileas/vendor/github.com/denisenkom/go-mssqldb/buf.go:124.2,124.27 1 0
github.com/avadhutp/phileas/vendor/github.com/denisenkom/go-mssqldb/buf.go:121.16,123.3 1 0
github.com/avadhutp/phileas/vendor/github.com/denisenkom/go-mssqldb/buf.go:127.54,128.21 1 0
github.com/avadhutp/phileas/vendor/github.com/denisenkom/go-mssqldb/buf.go:137.2,139.17 3 0
github.com/avadhutp/phileas/vendor/github.com/denisenkom/go-mssqldb/buf.go:128.21,129.14 1 0
github.com/avadhutp/phileas/vendor/github.com/denisenkom/go-mssqldb/buf.go:132.3,133.17 2 0
github.com/avadhutp/phileas/vendor/github.com/denisenkom/go-mssqldb/buf.go:129.14,131.4 1 0
github.com/avadhutp/phileas/vendor/github.com/denisenkom/go-mssqldb/buf.go:133.17,135.4 1 0
github.com/avadhutp/phileas/vendor/github.com/denisenkom/go-mssqldb/buf.go:142.33,144.16 2 0
github.com/avadhutp/phileas/vendor/github.com/denisenkom/go-mssqldb/buf.go:147.2,147.10 1 0
github.com/avadhutp/phileas/vendor/github.com/denisenkom/go-mssqldb/buf.go:144.16,146.3 1 0
github.com/avadhutp/phileas/vendor/github.com/denisenkom/go-mssqldb/buf.go:150.42,152.16 2 0
github.com/avadhutp/phileas/vendor/github.com/denisenkom/go-mssqldb/buf.go:152.16,154.3 1 0
github.com/avadhutp/phileas/vendor/github.com/denisenkom/go-mssqldb/buf.go:157.37,161.2 3 0
github.com/avadhutp/phileas/vendor/github.com/denisenkom/go-mssqldb/buf.go:163.35,165.2 1 0
github.com/avadhutp/phileas/vendor/github.com/denisenkom/go-mssqldb/buf.go:167.37,171.2 3 0
github.com/avadhutp/phileas/vendor/github.com/denisenkom/go-mssqldb/buf.go:173.37,177.2 3 0
github.com/avadhutp/phileas/vendor/github.com/denisenkom/go-mssqldb/buf.go:179.39,182.2 2 0
github.com/avadhutp/phileas/vendor/github.com/denisenkom/go-mssqldb/buf.go:184.40,187.2 2 0
github.com/avadhutp/phileas/vendor/github.com/denisenkom/go-mssqldb/buf.go:189.51,193.16 4 0
github.com/avadhutp/phileas/vendor/github.com/denisenkom/go-mssqldb/buf.go:196.2,196.12 1 0
github.com/avadhutp/phileas/vendor/github.com/denisenkom/go-mssqldb/buf.go:193.16,195.3 1 0
github.com/avadhutp/phileas/vendor/github.com/denisenkom/go-mssqldb/buf.go:199.57,200.21 1 0
github.com/avadhutp/phileas/vendor/github.com/denisenkom/go-mssqldb/buf.go:209.2,211.20 3 0
github.com/avadhutp/phileas/vendor/github.com/denisenkom/go-mssqldb/buf.go:200.21,201.14 1 0
github.com/avadhutp/phileas/vendor/github.com/denisenkom/go-mssqldb/buf.go:204.3,205.17 2 0
github.com/avadhutp/phileas/vendor/github.com/denisenkom/go-mssqldb/buf.go:201.14,203.4 1 0
github.com/avadhutp/phileas/vendor/github.com/denisenkom/go-mssqldb/buf.go:205.17,207.4 1 0
github.com/avadhutp/phileas/vendor/github.com/denisenkom/go-mssqldb/error.go:17.31,19.2 1 0
github.com/avadhutp/phileas/vendor/github.com/denisenkom/go-mssqldb/error.go:25.37,27.2 1 0
github.com/avadhutp/phileas/vendor/github.com/denisenkom/go-mssqldb/error.go:29.64,31.2 1 0
github.com/avadhutp/phileas/vendor/github.com/denisenkom/go-mssqldb/error.go:33.32,34.12 1 0
github.com/avadhutp/phileas/vendor/github.com/denisenkom/go-mssqldb/error.go:37.55,38.35 1 0
github.com/avadhutp/phileas/vendor/github.com/denisenkom/go-mssqldb/mssql.go:17.13,19.2 1 1
github.com/avadhutp/phileas/vendor/github.com/denisenkom/go-mssqldb/mssql.go:25.53,27.2 1 0
github.com/avadhutp/phileas/vendor/github.com/denisenkom/go-mssqldb/mssql.go:29.36,30.19 1 3
github.com/avadhutp/phileas/vendor/github.com/denisenkom/go-mssqldb/mssql.go:34.2,34.20 1 2
github.com/avadhutp/phileas/vendor/github.com/denisenkom/go-mssqldb/mssql.go:30.19,32.3 1 1
github.com/avadhutp/phileas/vendor/github.com/denisenkom/go-mssqldb/mssql.go:35.2,36.27 1 1
github.com/avadhutp/phileas/vendor/github.com/denisenkom/go-mssqldb/mssql.go:37.2,38.13 1 1
github.com/avadhutp/phileas/vendor/github.com/denisenkom/go-mssqldb/mssql.go:46.36,51.74 2 0
github.com/avadhutp/phileas/vendor/github.com/denisenkom/go-mssqldb/mssql.go:55.2,57.27 3 0
github.com/avadhutp/phileas/vendor/github.com/denisenkom/go-mssqldb/mssql.go:63.2,63.12 1 0
github.com/avadhutp/phileas/vendor/github.com/denisenkom/go-mssqldb/mssql.go:51.74,53.3 1 0
github.com/avadhutp/phileas/vendor/github.com/denisenkom/go-mssqldb/mssql.go:57.27,58.30 1 0
github.com/avadhutp/phileas/vendor/github.com/denisenkom/go-mssqldb/mssql.go:59.3,60.16 1 0
github.com/avadhutp/phileas/vendor/github.com/denisenkom/go-mssqldb/mssql.go:66.38,71.76 2 0
github.com/avadhutp/phileas/vendor/github.com/denisenkom/go-mssqldb/mssql.go:75.2,77.27 3 0
github.com/avadhutp/phileas/vendor/github.com/denisenkom/go-mssqldb/mssql.go:83.2,83.12 1 0
github.com/avadhutp/phileas/vendor/github.com/denisenkom/go-mssqldb/mssql.go:71.76,73.3 1 0
github.com/avadhutp/phileas/vendor/github.com/denisenkom/go-mssqldb/mssql.go:77.27,78.30 1 0
github.com/avadhutp/phileas/vendor/github.com/denisenkom/go-mssqldb/mssql.go:79.3,80.16 1 0
github.com/avadhutp/phileas/vendor/github.com/denisenkom/go-mssqldb/mssql.go:86.48,91.66 2 0
github.com/avadhutp/phileas/vendor/github.com/denisenkom/go-mssqldb/mssql.go:94.2,96.27 3 0
github.com/avadhutp/phileas/vendor/github.com/denisenkom/go-mssqldb/mssql.go:107.2,107.15 1 0
github.com/avadhutp/phileas/vendor/github.com/denisenkom/go-mssqldb/mssql.go:91.66,93.3 1 0
github.com/avadhutp/phileas/vendor/github.com/denisenkom/go-mssqldb/mssql.go:96.27,97.30 1 0
github.com/avadhutp/phileas/vendor/github.com/denisenkom/go-mssqldb/mssql.go:98.3,99.26 1 0
github.com/avadhutp/phileas/vendor/github.com/denisenkom/go-mssqldb/mssql.go:102.4,102.35 1 0
github.com/avadhutp/phileas/vendor/github.com/denisenkom/go-mssqldb/mssql.go:99.26,101.5 1 0
github.com/avadhutp/phileas/vendor/github.com/denisenkom/go-mssqldb/mssql.go:110.64,113.29 3 26
github.com/avadhutp/phileas/vendor/github.com/denisenkom/go-mssqldb/mssql.go:128.2,128.12 1 26
github.com/avadhutp/phileas/vendor/github.com/denisenkom/go-mssqldb/mssql.go:113.29,114.21 1 130
github.com/avadhutp/phileas/vendor/github.com/denisenkom/go-mssqldb/mssql.go:117.3,119.21 3 130
github.com/avadhutp/phileas/vendor/github.com/denisenkom/go-mssqldb/mssql.go:122.3,123.19 2 130
github.com/avadhutp/phileas/vendor/github.com/denisenkom/go-mssqldb/mssql.go:126.3,126.20 1 130
github.com/avadhutp/phileas/vendor/github.com/denisenkom/go-mssqldb/mssql.go:114.21,115.12 1 0
github.com/avadhutp/phileas/vendor/github.com/denisenkom/go-mssqldb/mssql.go:119.21,120.12 1 0
github.com/avadhutp/phileas/vendor/github.com/denisenkom/go-mssqldb/mssql.go:123.19,125.4 1 130
github.com/avadhutp/phileas/vendor/github.com/denisenkom/go-mssqldb/mssql.go:131.61,135.16 3 25
github.com/avadhutp/phileas/vendor/github.com/denisenkom/go-mssqldb/mssql.go:139.2,140.18 2 0
github.com/avadhutp/phileas/vendor/github.com/denisenkom/go-mssqldb/mssql.go:135.16,137.3 1 25
github.com/avadhutp/phileas/vendor/github.com/denisenkom/go-mssqldb/mssql.go:143.79,145.16 2 25
github.com/avadhutp/phileas/vendor/github.com/denisenkom/go-mssqldb/mssql.go:161.2,161.30 1 0
github.com/avadhutp/phileas/vendor/github.com/denisenkom/go-mssqldb/mssql.go:145.16,147.20 2 25
github.com/avadhutp/phileas/vendor/github.com/denisenkom/go-mssqldb/mssql.go:151.3,154.45 3 0
github.com/avadhutp/phileas/vendor/github.com/denisenkom/go-mssqldb/mssql.go:158.3,158.37 1 0
github.com/avadhutp/phileas/vendor/github.com/denisenkom/go-mssqldb/mssql.go:147.20,149.4 1 25
github.com/avadhutp/phileas/vendor/github.com/denisenkom/go-mssqldb/mssql.go:154.45,156.4 1 0
github.com/avadhutp/phileas/vendor/github.com/denisenkom/go-mssqldb/mssql.go:164.35,166.2 1 0
github.com/avadhutp/phileas/vendor/github.com/denisenkom/go-mssqldb/mssql.go:181.64,184.2 2 0
github.com/avadhutp/phileas/vendor/github.com/denisenkom/go-mssqldb/mssql.go:186.35,188.2 1 0
github.com/avadhutp/phileas/vendor/github.com/denisenkom/go-mssqldb/mssql.go:190.85,192.12 2 0
github.com/avadhutp/phileas/vendor/github.com/denisenkom/go-mssqldb/mssql.go:195.2,195.46 1 0
github.com/avadhutp/phileas/vendor/github.com/denisenkom/go-mssqldb/mssql.go:192.12,194.3 1 0
github.com/avadhutp/phileas/vendor/github.com/denisenkom/go-mssqldb/mssql.go:198.36,200.2 1 0
github.com/avadhutp/phileas/vendor/github.com/denisenkom/go-mssqldb/mssql.go:202.64,208.23 2 0
github.com/avadhutp/phileas/vendor/github.com/denisenkom/go-mssqldb/mssql.go:213.2,213.31 1 0
github.com/avadhutp/phileas/vendor/github.com/denisenkom/go-mssqldb/mssql.go:216.2,216.35 1 0
github.com/avadhutp/phileas/vendor/github.com/denisenkom/go-mssqldb/mssql.go:219.2,219.55 1 0
github.com/avadhutp/phileas/vendor/github.com/denisenkom/go-mssqldb/mssql.go:225.2,225.20 1 0
github.com/avadhutp/phileas/vendor/github.com/denisenkom/go-mssqldb/mssql.go:259.2,259.8 1 0
github.com/avadhutp/phileas/vendor/github.com/denisenkom/go-mssqldb/mssql.go:208.23,211.3 1 0
github.com/avadhutp/phileas/vendor/github.com/denisenkom/go-mssqldb/mssql.go:213.31,215.3 1 0
github.com/avadhutp/phileas/vendor/github.com/denisenkom/go-mssqldb/mssql.go:216.35,218.3 1 0
github.com/avadhutp/phileas/vendor/github.com/denisenkom/go-mssqldb/mssql.go:219.55,220.34 1 0
github.com/avadhutp/phileas/vendor/github.com/denisenkom/go-mssqldb/mssql.go:220.34,222.4 1 0
github.com/avadhutp/phileas/vendor/github.com/denisenkom/go-mssqldb/mssql.go:225.20,226.71 1 0
github.com/avadhutp/phileas/vendor/github.com/denisenkom/go-mssqldb/mssql.go:226.71,227.28 1 0
github.com/avadhutp/phileas/vendor/github.com/denisenkom/go-mssqldb/mssql.go:230.4,230.28 1 0
github.com/avadhutp/phileas/vendor/github.com/denisenkom/go-mssqldb/mssql.go:227.28,229.5 1 0
github.com/avadhutp/phileas/vendor/github.com/denisenkom/go-mssqldb/mssql.go:232.3,236.17 4 0
github.com/avadhutp/phileas/vendor/github.com/denisenkom/go-mssqldb/mssql.go:239.3,239.28 1 0
github.com/avadhutp/phileas/vendor/github.com/denisenkom/go-mssqldb/mssql.go:248.3,249.17 2 0
github.com/avadhutp/phileas/vendor/github.com/denisenkom/go-mssqldb/mssql.go:252.3,252.81 1 0
github.com/avadhutp/phileas/vendor/github.com/denisenkom/go-mssqldb/mssql.go:236.17,238.4 1 0
github.com/avadhutp/phileas/vendor/github.com/denisenkom/go-mssqldb/mssql.go:239.28,241.18 2 0
github.com/avadhutp/phileas/vendor/github.com/denisenkom/go-mssqldb/mssql.go:244.4,246.67 3 0
github.com/avadhutp/phileas/vendor/github.com/denisenkom/go-mssqldb/mssql.go:241.18,243.5 1 0
github.com/avadhutp/phileas/vendor/github.com/denisenkom/go-mssqldb/mssql.go:249.17,251.4 1 0
github.com/avadhutp/phileas/vendor/github.com/denisenkom/go-mssqldb/mssql.go:252.81,253.28 1 0
github.com/avadhutp/phileas/vendor/github.com/denisenkom/go-mssqldb/mssql.go:256.4,256.28 1 0
github.com/avadhutp/phileas/vendor/github.com/denisenkom/go-mssqldb/mssql.go:253.28,255.5 1 0
github.com/avadhutp/phileas/vendor/github.com/denisenkom/go-mssqldb/mssql.go:262.77,263.41 1 0
github.com/avadhutp/phileas/vendor/github.com/denisenkom/go-mssqldb/mssql.go:266.2,271.27 4 0
github.com/avadhutp/phileas/vendor/github.com/denisenkom/go-mssqldb/mssql.go:293.2,293.70 1 0
github.com/avadhutp/phileas/vendor/github.com/denisenkom/go-mssqldb/mssql.go:263.41,265.3 1 0
github.com/avadhutp/phileas/vendor/github.com/denisenkom/go-mssqldb/mssql.go:271.27,272.30 1 0
github.com/avadhutp/phileas/vendor/github.com/denisenkom/go-mssqldb/mssql.go:280.3,282.30 2 0
github.com/avadhutp/phileas/vendor/github.com/denisenkom/go-mssqldb/mssql.go:285.4,285.14 1 0
github.com/avadhutp/phileas/vendor/github.com/denisenkom/go-mssqldb/mssql.go:286.3,287.28 1 0
github.com/avadhutp/phileas/vendor/github.com/denisenkom/go-mssqldb/mssql.go:290.4,290.35 1 0
github.com/avadhutp/phileas/vendor/github.com/denisenkom/go-mssqldb/mssql.go:282.30,284.5 1 0
github.com/avadhutp/phileas/vendor/github.com/denisenkom/go-mssqldb/mssql.go:287.28,289.5 1 0
github.com/avadhutp/phileas/vendor/github.com/denisenkom/go-mssqldb/mssql.go:296.78,297.41 1 0
github.com/avadhutp/phileas/vendor/github.com/denisenkom/go-mssqldb/mssql.go:300.2,303.29 4 0
github.com/avadhutp/phileas/vendor/github.com/denisenkom/go-mssqldb/mssql.go:323.2,323.41 1 0
github.com/avadhutp/phileas/vendor/github.com/denisenkom/go-mssqldb/mssql.go:297.41,299.3 1 0
github.com/avadhutp/phileas/vendor/github.com/denisenkom/go-mssqldb/mssql.go:303.29,304.32 1 0
github.com/avadhutp/phileas/vendor/github.com/denisenkom/go-mssqldb/mssql.go:305.3,306.35 1 0
github.com/avadhutp/phileas/vendor/github.com/denisenkom/go-mssqldb/mssql.go:309.3,310.35 1 0
github.com/avadhutp/phileas/vendor/github.com/denisenkom/go-mssqldb/mssql.go:313.3,314.40 1 0
github.com/avadhutp/phileas/vendor/github.com/denisenkom/go-mssqldb/mssql.go:317.4,317.28 1 0
github.com/avadhutp/phileas/vendor/github.com/denisenkom/go-mssqldb/mssql.go:320.4,320.35 1 0
github.com/avadhutp/phileas/vendor/github.com/denisenkom/go-mssqldb/mssql.go:306.35,308.5 1 0
github.com/avadhutp/phileas/vendor/github.com/denisenkom/go-mssqldb/mssql.go:310.35,312.5 1 0
github.com/avadhutp/phileas/vendor/github.com/denisenkom/go-mssqldb/mssql.go:314.40,316.5 1 0
github.com/avadhutp/phileas/vendor/github.com/denisenkom/go-mssqldb/mssql.go:317.28,319.5 1 0
github.com/avadhutp/phileas/vendor/github.com/denisenkom/go-mssqldb/mssql.go:332.36,333.27 1 0
github.com/avadhutp/phileas/vendor/github.com/denisenkom/go-mssqldb/mssql.go:335.2,336.12 2 0
github.com/avadhutp/phileas/vendor/github.com/denisenkom/go-mssqldb/mssql.go:333.27,334.3 0 0
github.com/avadhutp/phileas/vendor/github.com/denisenkom/go-mssqldb/mssql.go:339.47,341.2 1 0
github.com/avadhutp/phileas/vendor/github.com/denisenkom/go-mssqldb/mssql.go:343.60,344.30 1 0
github.com/avadhutp/phileas/vendor/github.com/denisenkom/go-mssqldb/mssql.go:357.2,357.15 1 0
github.com/avadhutp/phileas/vendor/github.com/denisenkom/go-mssqldb/mssql.go:344.30,345.32 1 0
github.com/avadhutp/phileas/vendor/github.com/denisenkom/go-mssqldb/mssql.go:346.3,347.55 1 0
github.com/avadhutp/phileas/vendor/github.com/denisenkom/go-mssqldb/mssql.go:348.3,349.24 1 0
github.com/avadhutp/phileas/vendor/github.com/denisenkom/go-mssqldb/mssql.go:352.4,352.14 1 0
github.com/avadhutp/phileas/vendor/github.com/denisenkom/go-mssqldb/mssql.go:353.3,354.18 1 0
github.com/avadhutp/phileas/vendor/github.com/denisenkom/go-mssqldb/mssql.go:349.24,351.5 1 0
github.com/avadhutp/phileas/vendor/github.com/denisenkom/go-mssqldb/mssql.go:360.72,361.16 1 0
github.com/avadhutp/phileas/vendor/github.com/denisenkom/go-mssqldb/mssql.go:367.2,367.27 1 0
github.com/avadhutp/phileas/vendor/github.com/denisenkom/go-mssqldb/mssql.go:429.2,429.8 1 0
github.com/avadhutp/phileas/vendor/github.com/denisenkom/go-mssqldb/mssql.go:361.16,366.3 4 0
github.com/avadhutp/phileas/vendor/github.com/denisenkom/go-mssqldb/mssql.go:368.2,372.57 4 0
github.com/avadhutp/phileas/vendor/github.com/denisenkom/go-mssqldb/mssql.go:373.2,377.67 4 0
github.com/avadhutp/phileas/vendor/github.com/denisenkom/go-mssqldb/mssql.go:378.2,381.19 3 0
github.com/avadhutp/phileas/vendor/github.com/denisenkom/go-mssqldb/mssql.go:382.2,385.32 3 0
github.com/avadhutp/phileas/vendor/github.com/denisenkom/go-mssqldb/mssql.go:386.2,390.10 4 0
github.com/avadhutp/phileas/vendor/github.com/denisenkom/go-mssqldb/mssql.go:393.2,394.47 1 0
github.com/avadhutp/phileas/vendor/github.com/denisenkom/go-mssqldb/mssql.go:425.2,427.9 2 0
github.com/avadhutp/phileas/vendor/github.com/denisenkom/go-mssqldb/mssql.go:390.10,392.4 1 0
github.com/avadhutp/phileas/vendor/github.com/denisenkom/go-mssqldb/mssql.go:394.47,414.4 19 0
github.com/avadhutp/phileas/vendor/github.com/denisenkom/go-mssqldb/mssql.go:414.4,424.4 9 0
github.com/avadhutp/phileas/vendor/github.com/denisenkom/go-mssqldb/mssql.go:437.53,439.2 1 0
github.com/avadhutp/phileas/vendor/github.com/denisenkom/go-mssqldb/mssql.go:441.53,443.16 2 0
github.com/avadhutp/phileas/vendor/github.com/denisenkom/go-mssqldb/mssql.go:446.2,448.16 3 0
github.com/avadhutp/phileas/vendor/github.com/denisenkom/go-mssqldb/mssql.go:451.2,454.16 4 0
github.com/avadhutp/phileas/vendor/github.com/denisenkom/go-mssqldb/mssql.go:457.2,457.20 1 0
github.com/avadhutp/phileas/vendor/github.com/denisenkom/go-mssqldb/mssql.go:460.2,461.26 2 0
github.com/avadhutp/phileas/vendor/github.com/denisenkom/go-mssqldb/mssql.go:443.16,445.3 1 0
github.com/avadhutp/phileas/vendor/github.com/denisenkom/go-mssqldb/mssql.go:448.16,450.3 1 0
github.com/avadhutp/phileas/vendor/github.com/denisenkom/go-mssqldb/mssql.go:454.16,456.3 1 0
github.com/avadhutp/phileas/vendor/github.com/denisenkom/go-mssqldb/mssql.go:457.20,459.3 1 0
github.com/avadhutp/phileas/vendor/github.com/denisenkom/go-mssqldb/decimal.go:20.38,22.26 2 6
github.com/avadhutp/phileas/vendor/github.com/denisenkom/go-mssqldb/decimal.go:26.2,26.17 1 6
github.com/avadhutp/phileas/vendor/github.com/denisenkom/go-mssqldb/decimal.go:29.2,29.18 1 6
github.com/avadhutp/phileas/vendor/github.com/denisenkom/go-mssqldb/decimal.go:32.2,32.12 1 6
github.com/avadhutp/phileas/vendor/github.com/denisenkom/go-mssqldb/decimal.go:22.26,25.3 2 24
github.com/avadhutp/phileas/vendor/github.com/denisenkom/go-mssqldb/decimal.go:26.17,28.3 1 1
github.com/avadhutp/phileas/vendor/github.com/denisenkom/go-mssqldb/decimal.go:29.18,31.3 1 2
github.com/avadhutp/phileas/vendor/github.com/denisenkom/go-mssqldb/decimal.go:35.51,37.19 2 5
github.com/avadhutp/phileas/vendor/github.com/denisenkom/go-mssqldb/decimal.go:40.2,40.22 1 5
github.com/avadhutp/phileas/vendor/github.com/denisenkom/go-mssqldb/decimal.go:43.2,44.19 2 5
github.com/avadhutp/phileas/vendor/github.com/denisenkom/go-mssqldb/decimal.go:47.2,47.31 1 5
github.com/avadhutp/phileas/vendor/github.com/denisenkom/go-mssqldb/decimal.go:50.2,52.50 3 5
github.com/avadhutp/phileas/vendor/github.com/denisenkom/go-mssqldb/decimal.go:59.2,59.25 1 5
github.com/avadhutp/phileas/vendor/github.com/denisenkom/go-mssqldb/decimal.go:65.2,65.17 1 5
github.com/avadhutp/phileas/vendor/github.com/denisenkom/go-mssqldb/decimal.go:37.19,39.3 1 0
github.com/avadhutp/phileas/vendor/github.com/denisenkom/go-mssqldb/decimal.go:40.22,42.3 1 0
github.com/avadhutp/phileas/vendor/github.com/denisenkom/go-mssqldb/decimal.go:44.19,46.3 1 1
github.com/avadhutp/phileas/vendor/github.com/denisenkom/go-mssqldb/decimal.go:47.31,49.3 1 0
github.com/avadhutp/phileas/vendor/github.com/denisenkom/go-mssqldb/decimal.go:52.50,55.16 3 6
github.com/avadhutp/phileas/vendor/github.com/denisenkom/go-mssqldb/decimal.go:55.16,56.9 1 5
github.com/avadhutp/phileas/vendor/github.com/denisenkom/go-mssqldb/decimal.go:59.25,64.3 4 20
github.com/avadhutp/phileas/vendor/github.com/denisenkom/go-mssqldb/decimal.go:68.13,70.27 2 1
github.com/avadhutp/phileas/vendor/github.com/denisenkom/go-mssqldb/decimal.go:70.27,73.3 2 39
github.com/avadhutp/phileas/vendor/github.com/denisenkom/go-mssqldb/decimal.go:76.33,84.17 8 9
github.com/avadhutp/phileas/vendor/github.com/denisenkom/go-mssqldb/decimal.go:87.2,87.40 1 9
github.com/avadhutp/phileas/vendor/github.com/denisenkom/go-mssqldb/decimal.go:84.17,86.3 1 3
github.com/avadhutp/phileas/vendor/github.com/denisenkom/go-mssqldb/decimal.go:90.47,92.32 2 9
github.com/avadhutp/phileas/vendor/github.com/denisenkom/go-mssqldb/decimal.go:96.2,97.14 2 9
github.com/avadhutp/phileas/vendor/github.com/denisenkom/go-mssqldb/decimal.go:102.2,102.15 1 9
github.com/avadhutp/phileas/vendor/github.com/denisenkom/go-mssqldb/decimal.go:110.2,110.10 1 9
github.com/avadhutp/phileas/vendor/github.com/denisenkom/go-mssqldb/decimal.go:92.32,95.3 2 3
github.com/avadhutp/phileas/vendor/github.com/denisenkom/go-mssqldb/decimal.go:97.14,99.3 1 2
github.com/avadhutp/phileas/vendor/github.com/denisenkom/go-mssqldb/decimal.go:99.3,99.20 1 7
github.com/avadhutp/phileas/vendor/github.com/denisenkom/go-mssqldb/decimal.go:99.20,101.3 1 7
github.com/avadhutp/phileas/vendor/github.com/denisenkom/go-mssqldb/decimal.go:102.15,104.15 2 4
github.com/avadhutp/phileas/vendor/github.com/denisenkom/go-mssqldb/decimal.go:108.3,108.36 1 4
github.com/avadhutp/phileas/vendor/github.com/denisenkom/go-mssqldb/decimal.go:104.15,107.4 2 0
github.com/avadhutp/phileas/vendor/github.com/denisenkom/go-mssqldb/decimal.go:113.34,115.2 1 9
github.com/avadhutp/phileas/vendor/github.com/denisenkom/go-mssqldb/mssql_go1.3.go:9.49,11.2 1 52
github.com/avadhutp/phileas/vendor/github.com/denisenkom/go-mssqldb/parser.go:16.38,18.16 2 456
github.com/avadhutp/phileas/vendor/github.com/denisenkom/go-mssqldb/parser.go:24.2,24.17 1 430
github.com/avadhutp/phileas/vendor/github.com/denisenkom/go-mssqldb/parser.go:18.16,19.20 1 26
github.com/avadhutp/phileas/vendor/github.com/denisenkom/go-mssqldb/parser.go:22.3,22.18 1 26
github.com/avadhutp/phileas/vendor/github.com/denisenkom/go-mssqldb/parser.go:19.20,20.14 1 0
github.com/avadhutp/phileas/vendor/github.com/denisenkom/go-mssqldb/parser.go:27.27,29.16 2 31
github.com/avadhutp/phileas/vendor/github.com/denisenkom/go-mssqldb/parser.go:29.16,30.13 1 0
github.com/avadhutp/phileas/vendor/github.com/denisenkom/go-mssqldb/parser.go:34.33,36.2 1 345
github.com/avadhutp/phileas/vendor/github.com/denisenkom/go-mssqldb/parser.go:40.46,45.19 3 26
github.com/avadhutp/phileas/vendor/github.com/denisenkom/go-mssqldb/parser.go:48.2,48.33 1 26
github.com/avadhutp/phileas/vendor/github.com/denisenkom/go-mssqldb/parser.go:45.19,47.3 1 112
github.com/avadhutp/phileas/vendor/github.com/denisenkom/go-mssqldb/parser.go:51.39,52.6 1 57
github.com/avadhutp/phileas/vendor/github.com/denisenkom/go-mssqldb/parser.go:52.6,54.10 2 291
github.com/avadhutp/phileas/vendor/github.com/denisenkom/go-mssqldb/parser.go:57.3,57.16 1 290
github.com/avadhutp/phileas/vendor/github.com/denisenkom/go-mssqldb/parser.go:70.3,71.13 2 252
github.com/avadhutp/phileas/vendor/github.com/denisenkom/go-mssqldb/parser.go:54.10,56.4 1 1
github.com/avadhutp/phileas/vendor/github.com/denisenkom/go-mssqldb/parser.go:57.16,59.4 1 26
github.com/avadhutp/phileas/vendor/github.com/denisenkom/go-mssqldb/parser.go:59.4,59.36 1 264
github.com/avadhutp/phileas/vendor/github.com/denisenkom/go-mssqldb/parser.go:59.36,61.11 2 14
github.com/avadhutp/phileas/vendor/github.com/denisenkom/go-mssqldb/parser.go:65.4,66.32 2 13
github.com/avadhutp/phileas/vendor/github.com/denisenkom/go-mssqldb/parser.go:61.11,64.5 2 1
github.com/avadhutp/phileas/vendor/github.com/denisenkom/go-mssqldb/parser.go:66.32,68.5 1 11
github.com/avadhutp/phileas/vendor/github.com/denisenkom/go-mssqldb/parser.go:72.3,73.21 1 4
github.com/avadhutp/phileas/vendor/github.com/denisenkom/go-mssqldb/parser.go:74.3,75.27 1 4
github.com/avadhutp/phileas/vendor/github.com/denisenkom/go-mssqldb/parser.go:76.3,77.23 1 3
github.com/avadhutp/phileas/vendor/github.com/denisenkom/go-mssqldb/parser.go:78.3,79.27 1 3
github.com/avadhutp/phileas/vendor/github.com/denisenkom/go-mssqldb/parser.go:80.3,81.23 1 4
github.com/avadhutp/phileas/vendor/github.com/denisenkom/go-mssqldb/parser.go:86.42,89.6 3 37
github.com/avadhutp/phileas/vendor/github.com/denisenkom/go-mssqldb/parser.go:98.2,98.8 1 37
github.com/avadhutp/phileas/vendor/github.com/denisenkom/go-mssqldb/parser.go:101.2,101.17 1 37
github.com/avadhutp/phileas/vendor/github.com/denisenkom/go-mssqldb/parser.go:105.2,105.25 1 37
github.com/avadhutp/phileas/vendor/github.com/denisenkom/go-mssqldb/parser.go:108.2,110.9 3 37
github.com/avadhutp/phileas/vendor/github.com/denisenkom/go-mssqldb/parser.go:113.2,113.20 1 14
github.com/avadhutp/phileas/vendor/github.com/denisenkom/go-mssqldb/parser.go:89.6,92.35 3 54
github.com/avadhutp/phileas/vendor/github.com/denisenkom/go-mssqldb/parser.go:92.35,94.4 1 17
github.com/avadhutp/phileas/vendor/github.com/denisenkom/go-mssqldb/parser.go:94.4,95.9 1 37
github.com/avadhutp/phileas/vendor/github.com/denisenkom/go-mssqldb/parser.go:98.8,100.3 1 14
github.com/avadhutp/phileas/vendor/github.com/denisenkom/go-mssqldb/parser.go:101.17,104.3 2 21
github.com/avadhutp/phileas/vendor/github.com/denisenkom/go-mssqldb/parser.go:105.25,107.3 1 34
github.com/avadhutp/phileas/vendor/github.com/denisenkom/go-mssqldb/parser.go:110.9,112.3 1 23
github.com/avadhutp/phileas/vendor/github.com/denisenkom/go-mssqldb/parser.go:116.38,117.6 1 4
github.com/avadhutp/phileas/vendor/github.com/denisenkom/go-mssqldb/parser.go:117.6,119.10 2 14
github.com/avadhutp/phileas/vendor/github.com/denisenkom/go-mssqldb/parser.go:122.3,123.17 2 14
github.com/avadhutp/phileas/vendor/github.com/denisenkom/go-mssqldb/parser.go:119.10,121.4 1 0
github.com/avadhutp/phileas/vendor/github.com/denisenkom/go-mssqldb/parser.go:123.17,125.4 1 4
github.com/avadhutp/phileas/vendor/github.com/denisenkom/go-mssqldb/parser.go:129.44,130.6 1 4
github.com/avadhutp/phileas/vendor/github.com/denisenkom/go-mssqldb/parser.go:130.6,132.10 2 14
github.com/avadhutp/phileas/vendor/github.com/denisenkom/go-mssqldb/parser.go:135.3,136.16 2 14
github.com/avadhutp/phileas/vendor/github.com/denisenkom/go-mssqldb/parser.go:132.10,134.4 1 0
github.com/avadhutp/phileas/vendor/github.com/denisenkom/go-mssqldb/parser.go:136.16,138.4 1 4
github.com/avadhutp/phileas/vendor/github.com/denisenkom/go-mssqldb/parser.go:142.40,143.6 1 3
github.com/avadhutp/phileas/vendor/github.com/denisenkom/go-mssqldb/parser.go:143.6,145.10 2 14
github.com/avadhutp/phileas/vendor/github.com/denisenkom/go-mssqldb/parser.go:148.3,149.16 2 14
github.com/avadhutp/phileas/vendor/github.com/denisenkom/go-mssqldb/parser.go:145.10,147.4 1 0
github.com/avadhutp/phileas/vendor/github.com/denisenkom/go-mssqldb/parser.go:149.16,151.11 2 4
github.com/avadhutp/phileas/vendor/github.com/denisenkom/go-mssqldb/parser.go:154.4,154.17 1 4
github.com/avadhutp/phileas/vendor/github.com/denisenkom/go-mssqldb/parser.go:158.4,158.15 1 1
github.com/avadhutp/phileas/vendor/github.com/denisenkom/go-mssqldb/parser.go:151.11,153.5 1 0
github.com/avadhutp/phileas/vendor/github.com/denisenkom/go-mssqldb/parser.go:154.17,157.5 2 3
github.com/avadhutp/phileas/vendor/github.com/denisenkom/go-mssqldb/parser.go:163.44,165.9 2 3
github.com/avadhutp/phileas/vendor/github.com/denisenkom/go-mssqldb/parser.go:168.2,168.15 1 3
github.com/avadhutp/phileas/vendor/github.com/denisenkom/go-mssqldb/parser.go:172.2,173.6 2 2
github.com/avadhutp/phileas/vendor/github.com/denisenkom/go-mssqldb/parser.go:165.9,167.3 1 0
github.com/avadhutp/phileas/vendor/github.com/denisenkom/go-mssqldb/parser.go:168.15,171.3 2 1
github.com/avadhutp/phileas/vendor/github.com/denisenkom/go-mssqldb/parser.go:173.6,175.10 2 6
github.com/avadhutp/phileas/vendor/github.com/denisenkom/go-mssqldb/parser.go:178.3,179.17 2 5
github.com/avadhutp/phileas/vendor/github.com/denisenkom/go-mssqldb/parser.go:175.10,177.4 1 1
github.com/avadhutp/phileas/vendor/github.com/denisenkom/go-mssqldb/parser.go:179.17,181.4 1 1
github.com/avadhutp/phileas/vendor/github.com/denisenkom/go-mssqldb/parser.go:185.40,188.9 3 4
github.com/avadhutp/phileas/vendor/github.com/denisenkom/go-mssqldb/parser.go:191.2,191.15 1 4
github.com/avadhutp/phileas/vendor/github.com/denisenkom/go-mssqldb/parser.go:195.2,196.6 2 4
github.com/avadhutp/phileas/vendor/github.com/denisenkom/go-mssqldb/parser.go:188.9,190.3 1 0
github.com/avadhutp/phileas/vendor/github.com/denisenkom/go-mssqldb/parser.go:191.15,194.3 2 0
github.com/avadhutp/phileas/vendor/github.com/denisenkom/go-mssqldb/parser.go:196.6,198.10 2 29
github.com/avadhutp/phileas/vendor/github.com/denisenkom/go-mssqldb/parser.go:201.3,202.17 2 29
github.com/avadhutp/phileas/vendor/github.com/denisenkom/go-mssqldb/parser.go:216.3,216.17 1 25
github.com/avadhutp/phileas/vendor/github.com/denisenkom/go-mssqldb/parser.go:198.10,200.4 1 0
github.com/avadhutp/phileas/vendor/github.com/denisenkom/go-mssqldb/parser.go:202.17,204.11 2 6
github.com/avadhutp/phileas/vendor/github.com/denisenkom/go-mssqldb/parser.go:207.4,208.17 2 6
github.com/avadhutp/phileas/vendor/github.com/denisenkom/go-mssqldb/parser.go:204.11,206.5 1 0
github.com/avadhutp/phileas/vendor/github.com/denisenkom/go-mssqldb/parser.go:208.17,209.20 1 5
github.com/avadhutp/phileas/vendor/github.com/denisenkom/go-mssqldb/parser.go:209.20,211.6 1 4
github.com/avadhutp/phileas/vendor/github.com/denisenkom/go-mssqldb/parser.go:211.6,213.6 1 1
github.com/avadhutp/phileas/vendor/github.com/denisenkom/go-mssqldb/parser.go:216.17,218.11 2 3
github.com/avadhutp/phileas/vendor/github.com/denisenkom/go-mssqldb/parser.go:221.4,222.17 2 3
github.com/avadhutp/phileas/vendor/github.com/denisenkom/go-mssqldb/parser.go:218.11,220.5 1 0
github.com/avadhutp/phileas/vendor/github.com/denisenkom/go-mssqldb/parser.go:222.17,224.5 1 1
github.com/avadhutp/phileas/vendor/github.com/denisenkom/go-mssqldb/log.go:9.63,10.19 1 0
github.com/avadhutp/phileas/vendor/github.com/denisenkom/go-mssqldb/log.go:10.19,12.3 1 0
github.com/avadhutp/phileas/vendor/github.com/denisenkom/go-mssqldb/log.go:12.3,14.3 1 0
github.com/avadhutp/phileas/vendor/github.com/denisenkom/go-mssqldb/log.go:17.49,18.19 1 0
github.com/avadhutp/phileas/vendor/github.com/denisenkom/go-mssqldb/log.go:18.19,20.3 1 0
github.com/avadhutp/phileas/vendor/github.com/denisenkom/go-mssqldb/log.go:20.3,22.3 1 0
github.com/avadhutp/phileas/vendor/github.com/denisenkom/go-mssqldb/token.go:77.41,79.39 2 0
github.com/avadhutp/phileas/vendor/github.com/denisenkom/go-mssqldb/token.go:84.2,84.32 1 0
github.com/avadhutp/phileas/vendor/github.com/denisenkom/go-mssqldb/token.go:79.39,80.22 1 0
github.com/avadhutp/phileas/vendor/github.com/denisenkom/go-mssqldb/token.go:80.22,82.4 1 0
github.com/avadhutp/phileas/vendor/github.com/denisenkom/go-mssqldb/token.go:89.38,92.6 3 0
github.com/avadhutp/phileas/vendor/github.com/denisenkom/go-mssqldb/token.go:92.6,96.20 4 0
github.com/avadhutp/phileas/vendor/github.com/denisenkom/go-mssqldb/token.go:99.3,99.17 1 0
github.com/avadhutp/phileas/vendor/github.com/denisenkom/go-mssqldb/token.go:102.3,102.18 1 0
github.com/avadhutp/phileas/vendor/github.com/denisenkom/go-mssqldb/token.go:96.20,98.4 1 0
github.com/avadhutp/phileas/vendor/github.com/denisenkom/go-mssqldb/token.go:99.17,101.4 1 0
github.com/avadhutp/phileas/vendor/github.com/denisenkom/go-mssqldb/token.go:103.3,105.18 2 0
github.com/avadhutp/phileas/vendor/github.com/denisenkom/go-mssqldb/token.go:108.4,109.18 2 0
github.com/avadhutp/phileas/vendor/github.com/denisenkom/go-mssqldb/token.go:112.3,114.18 2 0
github.com/avadhutp/phileas/vendor/github.com/denisenkom/go-mssqldb/token.go:117.4,118.18 2 0
github.com/avadhutp/phileas/vendor/github.com/denisenkom/go-mssqldb/token.go:121.4,122.18 2 0
github.com/avadhutp/phileas/vendor/github.com/denisenkom/go-mssqldb/token.go:125.4,125.40 1 0
github.com/avadhutp/phileas/vendor/github.com/denisenkom/go-mssqldb/token.go:130.3,132.24 2 0
github.com/avadhutp/phileas/vendor/github.com/denisenkom/go-mssqldb/token.go:135.4,136.18 2 0
github.com/avadhutp/phileas/vendor/github.com/denisenkom/go-mssqldb/token.go:139.4,139.41 1 0
github.com/avadhutp/phileas/vendor/github.com/denisenkom/go-mssqldb/token.go:142.4,143.18 2 0
github.com/avadhutp/phileas/vendor/github.com/denisenkom/go-mssqldb/token.go:146.3,148.18 2 0
github.com/avadhutp/phileas/vendor/github.com/denisenkom/go-mssqldb/token.go:151.4,152.18 2 0
github.com/avadhutp/phileas/vendor/github.com/denisenkom/go-mssqldb/token.go:155.4,155.41 1 0
github.com/avadhutp/phileas/vendor/github.com/denisenkom/go-mssqldb/token.go:162.4,162.19 1 0
github.com/avadhutp/phileas/vendor/github.com/denisenkom/go-mssqldb/token.go:163.3,165.18 2 0
github.com/avadhutp/phileas/vendor/github.com/denisenkom/go-mssqldb/token.go:168.4,169.18 2 0
github.com/avadhutp/phileas/vendor/github.com/denisenkom/go-mssqldb/token.go:172.3,179.18 2 0
github.com/avadhutp/phileas/vendor/github.com/denisenkom/go-mssqldb/token.go:182.4,183.35 2 0
github.com/avadhutp/phileas/vendor/github.com/denisenkom/go-mssqldb/token.go:186.4,187.18 2 0
github.com/avadhutp/phileas/vendor/github.com/denisenkom/go-mssqldb/token.go:190.4,191.18 2 0
github.com/avadhutp/phileas/vendor/github.com/denisenkom/go-mssqldb/token.go:195.4,196.18 2 0
github.com/avadhutp/phileas/vendor/github.com/denisenkom/go-mssqldb/token.go:199.4,200.29 2 0
github.com/avadhutp/phileas/vendor/github.com/denisenkom/go-mssqldb/token.go:201.3,204.18 2 0
github.com/avadhutp/phileas/vendor/github.com/denisenkom/go-mssqldb/token.go:207.4,208.18 2 0
github.com/avadhutp/phileas/vendor/github.com/denisenkom/go-mssqldb/token.go:105.18,107.5 1 0
github.com/avadhutp/phileas/vendor/github.com/denisenkom/go-mssqldb/token.go:109.18,111.5 1 0
github.com/avadhutp/phileas/vendor/github.com/denisenkom/go-mssqldb/token.go:114.18,116.5 1 0
github.com/avadhutp/phileas/vendor/github.com/denisenkom/go-mssqldb/token.go:118.18,120.5 1 0
github.com/avadhutp/phileas/vendor/github.com/denisenkom/go-mssqldb/token.go:122.18,124.5 1 0
github.com/avadhutp/phileas/vendor/github.com/denisenkom/go-mssqldb/token.go:125.40,129.5 3 0
github.com/avadhutp/phileas/vendor/github.com/denisenkom/go-mssqldb/token.go:132.24,134.5 1 0
github.com/avadhutp/phileas/vendor/github.com/denisenkom/go-mssqldb/token.go:136.18,138.5 1 0
github.com/avadhutp/phileas/vendor/github.com/denisenkom/go-mssqldb/token.go:139.41,141.5 1 0
github.com/avadhutp/phileas/vendor/github.com/denisenkom/go-mssqldb/token.go:143.18,145.5 1 0
github.com/avadhutp/phileas/vendor/github.com/denisenkom/go-mssqldb/token.go:148.18,150.5 1 0
github.com/avadhutp/phileas/vendor/github.com/denisenkom/go-mssqldb/token.go:152.18,154.5 1 0
github.com/avadhutp/phileas/vendor/github.com/denisenkom/go-mssqldb/token.go:155.41,156.36 1 0
github.com/avadhutp/phileas/vendor/github.com/denisenkom/go-mssqldb/token.go:156.36,158.6 1 0
github.com/avadhutp/phileas/vendor/github.com/denisenkom/go-mssqldb/token.go:158.6,160.6 1 0
github.com/avadhutp/phileas/vendor/github.com/denisenkom/go-mssqldb/token.go:165.18,167.5 1 0
github.com/avadhutp/phileas/vendor/github.com/denisenkom/go-mssqldb/token.go:169.18,171.5 1 0
github.com/avadhutp/phileas/vendor/github.com/denisenkom/go-mssqldb/token.go:179.18,181.5 1 0
github.com/avadhutp/phileas/vendor/github.com/denisenkom/go-mssqldb/token.go:183.35,185.5 1 0
github.com/avadhutp/phileas/vendor/github.com/denisenkom/go-mssqldb/token.go:187.18,189.5 1 0
github.com/avadhutp/phileas/vendor/github.com/denisenkom/go-mssqldb/token.go:191.18,193.5 1 0
github.com/avadhutp/phileas/vendor/github.com/denisenkom/go-mssqldb/token.go:196.18,198.5 1 0
github.com/avadhutp/phileas/vendor/github.com/denisenkom/go-mssqldb/token.go:204.18,206.5 1 0
github.com/avadhutp/phileas/vendor/github.com/denisenkom/go-mssqldb/token.go:208.18,210.5 1 0
github.com/avadhutp/phileas/vendor/github.com/denisenkom/go-mssqldb/token.go:219.51,221.2 1 0
github.com/avadhutp/phileas/vendor/github.com/denisenkom/go-mssqldb/token.go:223.49,226.29 3 0
github.com/avadhutp/phileas/vendor/github.com/denisenkom/go-mssqldb/token.go:229.2,229.12 1 0
github.com/avadhutp/phileas/vendor/github.com/denisenkom/go-mssqldb/token.go:226.29,228.3 1 0
github.com/avadhutp/phileas/vendor/github.com/denisenkom/go-mssqldb/token.go:232.47,237.2 4 0
github.com/avadhutp/phileas/vendor/github.com/denisenkom/go-mssqldb/token.go:239.59,244.2 4 0
github.com/avadhutp/phileas/vendor/github.com/denisenkom/go-mssqldb/token.go:248.41,253.2 4 0
github.com/avadhutp/phileas/vendor/github.com/denisenkom/go-mssqldb/token.go:262.49,271.80 9 0
github.com/avadhutp/phileas/vendor/github.com/denisenkom/go-mssqldb/token.go:274.2,275.12 2 0
github.com/avadhutp/phileas/vendor/github.com/denisenkom/go-mssqldb/token.go:271.80,273.3 1 0
github.com/avadhutp/phileas/vendor/github.com/denisenkom/go-mssqldb/token.go:279.64,281.21 2 0
github.com/avadhutp/phileas/vendor/github.com/denisenkom/go-mssqldb/token.go:285.2,286.25 2 0
github.com/avadhutp/phileas/vendor/github.com/denisenkom/go-mssqldb/token.go:295.2,295.16 1 0
github.com/avadhutp/phileas/vendor/github.com/denisenkom/go-mssqldb/token.go:281.21,284.3 1 0
github.com/avadhutp/phileas/vendor/github.com/denisenkom/go-mssqldb/token.go:286.25,294.3 5 0
github.com/avadhutp/phileas/vendor/github.com/denisenkom/go-mssqldb/token.go:299.72,300.33 1 0
github.com/avadhutp/phileas/vendor/github.com/denisenkom/go-mssqldb/token.go:300.33,302.3 1 0
github.com/avadhutp/phileas/vendor/github.com/denisenkom/go-mssqldb/token.go:306.75,310.30 4 0
github.com/avadhutp/phileas/vendor/github.com/denisenkom/go-mssqldb/token.go:310.30,311.38 1 0
github.com/avadhutp/phileas/vendor/github.com/denisenkom/go-mssqldb/token.go:315.3,315.37 1 0
github.com/avadhutp/phileas/vendor/github.com/denisenkom/go-mssqldb/token.go:311.38,313.12 2 0
github.com/avadhutp/phileas/vendor/github.com/denisenkom/go-mssqldb/token.go:320.45,331.2 10 0
github.com/avadhutp/phileas/vendor/github.com/denisenkom/go-mssqldb/token.go:334.42,345.2 10 0
github.com/avadhutp/phileas/vendor/github.com/denisenkom/go-mssqldb/token.go:347.61,348.15 1 0
github.com/avadhutp/phileas/vendor/github.com/denisenkom/go-mssqldb/token.go:354.2,355.16 2 0
github.com/avadhutp/phileas/vendor/github.com/denisenkom/go-mssqldb/token.go:359.2,359.30 1 0
github.com/avadhutp/phileas/vendor/github.com/denisenkom/go-mssqldb/token.go:362.2,365.6 4 0
github.com/avadhutp/phileas/vendor/github.com/denisenkom/go-mssqldb/token.go:348.15,349.35 1 0
github.com/avadhutp/phileas/vendor/github.com/denisenkom/go-mssqldb/token.go:352.3,352.12 1 0
github.com/avadhutp/phileas/vendor/github.com/denisenkom/go-mssqldb/token.go:349.35,351.4 1 0
github.com/avadhutp/phileas/vendor/github.com/denisenkom/go-mssqldb/token.go:355.16,358.3 2 0
github.com/avadhutp/phileas/vendor/github.com/denisenkom/go-mssqldb/token.go:359.30,361.3 1 0
github.com/avadhutp/phileas/vendor/github.com/denisenkom/go-mssqldb/token.go:365.6,367.16 2 0
github.com/avadhutp/phileas/vendor/github.com/denisenkom/go-mssqldb/token.go:368.3,370.10 2 0
github.com/avadhutp/phileas/vendor/github.com/denisenkom/go-mssqldb/token.go:371.3,373.22 2 0
github.com/avadhutp/phileas/vendor/github.com/denisenkom/go-mssqldb/token.go:374.3,376.18 2 0
github.com/avadhutp/phileas/vendor/github.com/denisenkom/go-mssqldb/token.go:377.3,379.15 2 0
github.com/avadhutp/phileas/vendor/github.com/denisenkom/go-mssqldb/token.go:380.3,382.64 2 0
github.com/avadhutp/phileas/vendor/github.com/denisenkom/go-mssqldb/token.go:385.4,385.14 1 0
github.com/avadhutp/phileas/vendor/github.com/denisenkom/go-mssqldb/token.go:386.3,388.64 2 0
github.com/avadhutp/phileas/vendor/github.com/denisenkom/go-mssqldb/token.go:391.4,391.44 1 0
github.com/avadhutp/phileas/vendor/github.com/denisenkom/go-mssqldb/token.go:395.4,395.37 1 0
github.com/avadhutp/phileas/vendor/github.com/denisenkom/go-mssqldb/token.go:400.4,401.33 2 0
github.com/avadhutp/phileas/vendor/github.com/denisenkom/go-mssqldb/token.go:404.3,406.17 2 0
github.com/avadhutp/phileas/vendor/github.com/denisenkom/go-mssqldb/token.go:407.3,410.13 3 0
github.com/avadhutp/phileas/vendor/github.com/denisenkom/go-mssqldb/token.go:411.3,414.13 3 0
github.com/avadhutp/phileas/vendor/github.com/denisenkom/go-mssqldb/token.go:415.3,416.23 1 0
github.com/avadhutp/phileas/vendor/github.com/denisenkom/go-mssqldb/token.go:417.3,420.36 3 0
github.com/avadhutp/phileas/vendor/github.com/denisenkom/go-mssqldb/token.go:423.3,425.38 2 0
github.com/avadhutp/phileas/vendor/github.com/denisenkom/go-mssqldb/token.go:428.3,429.52 1 0
github.com/avadhutp/phileas/vendor/github.com/denisenkom/go-mssqldb/token.go:382.64,384.5 1 0
github.com/avadhutp/phileas/vendor/github.com/denisenkom/go-mssqldb/token.go:388.64,390.5 1 0
github.com/avadhutp/phileas/vendor/github.com/denisenkom/go-mssqldb/token.go:391.44,394.5 2 0
github.com/avadhutp/phileas/vendor/github.com/denisenkom/go-mssqldb/token.go:395.37,399.5 3 0
github.com/avadhutp/phileas/vendor/github.com/denisenkom/go-mssqldb/token.go:401.33,403.5 1 0
github.com/avadhutp/phileas/vendor/github.com/denisenkom/go-mssqldb/token.go:420.36,422.5 1 0
github.com/avadhutp/phileas/vendor/github.com/denisenkom/go-mssqldb/token.go:425.38,427.5 1 0
github.com/avadhutp/phileas/vendor/github.com/denisenkom/go-mssqldb/ntlm.go:62.72,63.39 1 0
github.com/avadhutp/phileas/vendor/github.com/denisenkom/go-mssqldb/ntlm.go:66.2,72.9 2 0
github.com/avadhutp/phileas/vendor/github.com/denisenkom/go-mssqldb/ntlm.go:63.39,65.3 1 0
github.com/avadhutp/phileas/vendor/github.com/denisenkom/go-mssqldb/ntlm.go:75.33,77.24 2 3
github.com/avadhutp/phileas/vendor/github.com/denisenkom/go-mssqldb/ntlm.go:86.2,86.10 1 3
github.com/avadhutp/phileas/vendor/github.com/denisenkom/go-mssqldb/ntlm.go:77.24,78.27 1 24
github.com/avadhutp/phileas/vendor/github.com/denisenkom/go-mssqldb/ntlm.go:78.27,82.4 3 0
github.com/avadhutp/phileas/vendor/github.com/denisenkom/go-mssqldb/ntlm.go:82.4,84.4 1 24
github.com/avadhutp/phileas/vendor/github.com/denisenkom/go-mssqldb/ntlm.go:89.54,111.2 17 0
github.com/avadhutp/phileas/vendor/github.com/denisenkom/go-mssqldb/ntlm.go:115.43,124.2 8 13
github.com/avadhutp/phileas/vendor/github.com/denisenkom/go-mssqldb/ntlm.go:126.30,127.34 1 0
github.com/avadhutp/phileas/vendor/github.com/denisenkom/go-mssqldb/ntlm.go:127.34,130.18 3 0
github.com/avadhutp/phileas/vendor/github.com/denisenkom/go-mssqldb/ntlm.go:130.18,132.4 1 0
github.com/avadhutp/phileas/vendor/github.com/denisenkom/go-mssqldb/ntlm.go:132.4,134.4 1 0
github.com/avadhutp/phileas/vendor/github.com/denisenkom/go-mssqldb/ntlm.go:138.66,142.16 4 13
github.com/avadhutp/phileas/vendor/github.com/denisenkom/go-mssqldb/ntlm.go:145.2,145.39 1 13
github.com/avadhutp/phileas/vendor/github.com/denisenkom/go-mssqldb/ntlm.go:142.16,143.13 1 0
github.com/avadhutp/phileas/vendor/github.com/denisenkom/go-mssqldb/ntlm.go:148.64,153.2 4 3
github.com/avadhutp/phileas/vendor/github.com/denisenkom/go-mssqldb/ntlm.go:155.46,162.2 6 2
github.com/avadhutp/phileas/vendor/github.com/denisenkom/go-mssqldb/ntlm.go:164.62,167.2 2 1
github.com/avadhutp/phileas/vendor/github.com/denisenkom/go-mssqldb/ntlm.go:169.48,174.2 4 3
github.com/avadhutp/phileas/vendor/github.com/denisenkom/go-mssqldb/ntlm.go:176.62,179.2 2 1
github.com/avadhutp/phileas/vendor/github.com/denisenkom/go-mssqldb/ntlm.go:181.40,183.16 2 0
github.com/avadhutp/phileas/vendor/github.com/denisenkom/go-mssqldb/ntlm.go:186.2,186.8 1 0
github.com/avadhutp/phileas/vendor/github.com/denisenkom/go-mssqldb/ntlm.go:183.16,184.13 1 0
github.com/avadhutp/phileas/vendor/github.com/denisenkom/go-mssqldb/ntlm.go:189.98,199.2 9 1
github.com/avadhutp/phileas/vendor/github.com/denisenkom/go-mssqldb/ntlm.go:201.63,202.41 1 0
github.com/avadhutp/phileas/vendor/github.com/denisenkom/go-mssqldb/ntlm.go:205.2,205.66 1 0
github.com/avadhutp/phileas/vendor/github.com/denisenkom/go-mssqldb/ntlm.go:208.2,213.55 5 0
github.com/avadhutp/phileas/vendor/github.com/denisenkom/go-mssqldb/ntlm.go:226.2,279.17 42 0
github.com/avadhutp/phileas/vendor/github.com/denisenkom/go-mssqldb/ntlm.go:202.41,204.3 1 0
github.com/avadhutp/phileas/vendor/github.com/denisenkom/go-mssqldb/ntlm.go:205.66,207.3 1 0
github.com/avadhutp/phileas/vendor/github.com/denisenkom/go-mssqldb/ntlm.go:213.55,220.3 6 0
github.com/avadhutp/phileas/vendor/github.com/denisenkom/go-mssqldb/ntlm.go:220.3,225.3 4 0
github.com/avadhutp/phileas/vendor/github.com/denisenkom/go-mssqldb/ntlm.go:282.30,283.2 0 0
github.com/avadhutp/phileas/vendor/github.com/denisenkom/go-mssqldb/tds.go:21.62,23.33 2 0
github.com/avadhutp/phileas/vendor/github.com/denisenkom/go-mssqldb/tds.go:47.2,47.16 1 0
github.com/avadhutp/phileas/vendor/github.com/denisenkom/go-mssqldb/tds.go:23.33,29.32 6 0
github.com/avadhutp/phileas/vendor/github.com/denisenkom/go-mssqldb/tds.go:29.32,30.16 1 0
github.com/avadhutp/phileas/vendor/github.com/denisenkom/go-mssqldb/tds.go:30.16,33.5 2 0
github.com/avadhutp/phileas/vendor/github.com/denisenkom/go-mssqldb/tds.go:33.5,35.23 2 0
github.com/avadhutp/phileas/vendor/github.com/denisenkom/go-mssqldb/tds.go:43.5,43.20 1 0
github.com/avadhutp/phileas/vendor/github.com/denisenkom/go-mssqldb/tds.go:35.23,36.28 1 0
github.com/avadhutp/phileas/vendor/github.com/denisenkom/go-mssqldb/tds.go:39.6,41.14 3 0
github.com/avadhutp/phileas/vendor/github.com/denisenkom/go-mssqldb/tds.go:36.28,37.12 1 0
github.com/avadhutp/phileas/vendor/github.com/denisenkom/go-mssqldb/tds.go:50.73,52.16 2 0
github.com/avadhutp/phileas/vendor/github.com/denisenkom/go-mssqldb/tds.go:55.2,58.16 4 0
github.com/avadhutp/phileas/vendor/github.com/denisenkom/go-mssqldb/tds.go:61.2,63.16 3 0
github.com/avadhutp/phileas/vendor/github.com/denisenkom/go-mssqldb/tds.go:66.2,66.41 1 0
github.com/avadhutp/phileas/vendor/github.com/denisenkom/go-mssqldb/tds.go:52.16,54.3 1 0
github.com/avadhutp/phileas/vendor/github.com/denisenkom/go-mssqldb/tds.go:58.16,60.3 1 0
github.com/avadhutp/phileas/vendor/github.com/denisenkom/go-mssqldb/tds.go:63.16,65.3 1 0
github.com/avadhutp/phileas/vendor/github.com/denisenkom/go-mssqldb/tds.go:145.39,145.56 1 0
github.com/avadhutp/phileas/vendor/github.com/denisenkom/go-mssqldb/tds.go:146.39,146.61 1 0
github.com/avadhutp/phileas/vendor/github.com/denisenkom/go-mssqldb/tds.go:147.39,147.66 1 0
[...]
github.com/avadhutp/phileas/vendor/github.com/denisenkom/go-mssqldb/tds.go:480.16,482.3 1 0
github.com/avadhutp/phileas/vendor/github.com/denisenkom/go-mssqldb/tds.go:487.56,490.16 3 0
github.com/avadhutp/phileas/vendor/github.com/denisenkom/go-mssqldb/tds.go:493.2,493.35 1 0
github.com/avadhutp/phileas/vendor/github.com/denisenkom/go-mssqldb/tds.go:490.16,492.3 1 0
github.com/avadhutp/phileas/vendor/github.com/denisenkom/go-mssqldb/tds.go:496.55,499.21 3 0
github.com/avadhutp/phileas/vendor/github.com/denisenkom/go-mssqldb/tds.go:502.2,503.16 2 0
github.com/avadhutp/phileas/vendor/github.com/denisenkom/go-mssqldb/tds.go:506.2,507.8 2 0
github.com/avadhutp/phileas/vendor/github.com/denisenkom/go-mssqldb/tds.go:499.21,500.38 1 0
github.com/avadhutp/phileas/vendor/github.com/denisenkom/go-mssqldb/tds.go:503.16,505.3 1 0
github.com/avadhutp/phileas/vendor/github.com/denisenkom/go-mssqldb/tds.go:510.56,513.16 3 0
github.com/avadhutp/phileas/vendor/github.com/denisenkom/go-mssqldb/tds.go:516.2,518.8 3 0
github.com/avadhutp/phileas/vendor/github.com/denisenkom/go-mssqldb/tds.go:513.16,515.3 1 0
github.com/avadhutp/phileas/vendor/github.com/denisenkom/go-mssqldb/tds.go:521.54,524.2 2 0
github.com/avadhutp/phileas/vendor/github.com/denisenkom/go-mssqldb/tds.go:526.50,531.2 4 0
github.com/avadhutp/phileas/vendor/github.com/denisenkom/go-mssqldb/tds.go:554.46,574.2 14 0
github.com/avadhutp/phileas/vendor/github.com/denisenkom/go-mssqldb/tds.go:583.46,588.2 4 0
github.com/avadhutp/phileas/vendor/github.com/denisenkom/go-mssqldb/tds.go:590.71,593.30 2 0
github.com/avadhutp/phileas/vendor/github.com/denisenkom/go-mssqldb/tds.go:597.2,598.16 2 0
github.com/avadhutp/phileas/vendor/github.com/denisenkom/go-mssqldb/tds.go:601.2,601.30 1 0
github.com/avadhutp/phileas/vendor/github.com/denisenkom/go-mssqldb/tds.go:616.2,616.12 1 0
github.com/avadhutp/phileas/vendor/github.com/denisenkom/go-mssqldb/tds.go:593.30,595.3 1 0
github.com/avadhutp/phileas/vendor/github.com/denisenkom/go-mssqldb/tds.go:598.16,600.3 1 0
github.com/avadhutp/phileas/vendor/github.com/denisenkom/go-mssqldb/tds.go:601.30,604.17 3 0
github.com/avadhutp/phileas/vendor/github.com/denisenkom/go-mssqldb/tds.go:607.3,608.17 2 0
github.com/avadhutp/phileas/vendor/github.com/denisenkom/go-mssqldb/tds.go:611.3,612.17 2 0
github.com/avadhutp/phileas/vendor/github.com/denisenkom/go-mssqldb/tds.go:604.17,606.4 1 0
github.com/avadhutp/phileas/vendor/github.com/denisenkom/go-mssqldb/tds.go:608.17,610.4 1 0
github.com/avadhutp/phileas/vendor/github.com/denisenkom/go-mssqldb/tds.go:612.17,614.4 1 0
github.com/avadhutp/phileas/vendor/github.com/denisenkom/go-mssqldb/tds.go:621.38,627.16 4 0
github.com/avadhutp/phileas/vendor/github.com/denisenkom/go-mssqldb/tds.go:630.2,630.27 1 0
github.com/avadhutp/phileas/vendor/github.com/denisenkom/go-mssqldb/tds.go:627.16,629.3 1 0
github.com/avadhutp/phileas/vendor/github.com/denisenkom/go-mssqldb/tds.go:655.75,658.8 3 27
github.com/avadhutp/phileas/vendor/github.com/denisenkom/go-mssqldb/tds.go:665.2,668.75 4 27
github.com/avadhutp/phileas/vendor/github.com/denisenkom/go-mssqldb/tds.go:671.2,671.20 1 27
github.com/avadhutp/phileas/vendor/github.com/denisenkom/go-mssqldb/tds.go:674.2,678.22 5 27
github.com/avadhutp/phileas/vendor/github.com/denisenkom/go-mssqldb/tds.go:706.2,709.8 4 27
github.com/avadhutp/phileas/vendor/github.com/denisenkom/go-mssqldb/tds.go:717.2,718.8 2 27
github.com/avadhutp/phileas/vendor/github.com/denisenkom/go-mssqldb/tds.go:726.2,727.8 2 27
github.com/avadhutp/phileas/vendor/github.com/denisenkom/go-mssqldb/tds.go:735.2,736.8 2 27
github.com/avadhutp/phileas/vendor/github.com/denisenkom/go-mssqldb/tds.go:750.2,751.8 2 27
github.com/avadhutp/phileas/vendor/github.com/denisenkom/go-mssqldb/tds.go:759.2,761.9 3 27
github.com/avadhutp/phileas/vendor/github.com/denisenkom/go-mssqldb/tds.go:765.2,766.8 2 27
github.com/avadhutp/phileas/vendor/github.com/denisenkom/go-mssqldb/tds.go:772.2,773.8 2 27
github.com/avadhutp/phileas/vendor/github.com/denisenkom/go-mssqldb/tds.go:782.2,783.9 2 27
github.com/avadhutp/phileas/vendor/github.com/denisenkom/go-mssqldb/tds.go:786.2,789.8 3 27
github.com/avadhutp/phileas/vendor/github.com/denisenkom/go-mssqldb/tds.go:795.2,795.16 1 27
github.com/avadhutp/phileas/vendor/github.com/denisenkom/go-mssqldb/tds.go:658.8,661.17 3 24
github.com/avadhutp/phileas/vendor/github.com/denisenkom/go-mssqldb/tds.go:661.17,663.4 1 0
github.com/avadhutp/phileas/vendor/github.com/denisenkom/go-mssqldb/tds.go:668.75,670.3 1 27
github.com/avadhutp/phileas/vendor/github.com/denisenkom/go-mssqldb/tds.go:671.20,673.3 1 26
github.com/avadhutp/phileas/vendor/github.com/denisenkom/go-mssqldb/tds.go:678.22,681.17 3 0
github.com/avadhutp/phileas/vendor/github.com/denisenkom/go-mssqldb/tds.go:685.3,686.10 2 0
github.com/avadhutp/phileas/vendor/github.com/denisenkom/go-mssqldb/tds.go:690.3,691.17 2 0
github.com/avadhutp/phileas/vendor/github.com/denisenkom/go-mssqldb/tds.go:681.17,684.4 2 0
github.com/avadhutp/phileas/vendor/github.com/denisenkom/go-mssqldb/tds.go:686.10,689.4 2 0
github.com/avadhutp/phileas/vendor/github.com/denisenkom/go-mssqldb/tds.go:691.17,694.4 2 0
github.com/avadhutp/phileas/vendor/github.com/denisenkom/go-mssqldb/tds.go:695.3,697.9 2 27
github.com/avadhutp/phileas/vendor/github.com/denisenkom/go-mssqldb/tds.go:697.9,700.18 3 0
github.com/avadhutp/phileas/vendor/github.com/denisenkom/go-mssqldb/tds.go:700.18,703.5 2 0
github.com/avadhutp/phileas/vendor/github.com/denisenkom/go-mssqldb/tds.go:709.8,711.17 2 0
github.com/avadhutp/phileas/vendor/github.com/denisenkom/go-mssqldb/tds.go:715.3,715.56 1 0
github.com/avadhutp/phileas/vendor/github.com/denisenkom/go-mssqldb/tds.go:711.17,714.4 2 0
github.com/avadhutp/phileas/vendor/github.com/denisenkom/go-mssqldb/tds.go:718.8,720.17 2 0
github.com/avadhutp/phileas/vendor/github.com/denisenkom/go-mssqldb/tds.go:724.3,724.56 1 0
github.com/avadhutp/phileas/vendor/github.com/denisenkom/go-mssqldb/tds.go:720.17,723.4 2 0
github.com/avadhutp/phileas/vendor/github.com/denisenkom/go-mssqldb/tds.go:727.8,729.17 2 1
github.com/avadhutp/phileas/vendor/github.com/denisenkom/go-mssqldb/tds.go:733.3,733.53 1 1
github.com/avadhutp/phileas/vendor/github.com/denisenkom/go-mssqldb/tds.go:729.17,732.4 2 0
github.com/avadhutp/phileas/vendor/github.com/denisenkom/go-mssqldb/tds.go:736.8,737.44 1 2
github.com/avadhutp/phileas/vendor/github.com/denisenkom/go-mssqldb/tds.go:737.44,739.4 1 0
github.com/avadhutp/phileas/vendor/github.com/denisenkom/go-mssqldb/tds.go:739.4,742.18 3 2
github.com/avadhutp/phileas/vendor/github.com/denisenkom/go-mssqldb/tds.go:742.18,745.5 2 0
github.com/avadhutp/phileas/vendor/github.com/denisenkom/go-mssqldb/tds.go:747.3,749.3 1 25
github.com/avadhutp/phileas/vendor/github.com/denisenkom/go-mssqldb/tds.go:751.8,754.17 3 2
github.com/avadhutp/phileas/vendor/github.com/denisenkom/go-mssqldb/tds.go:754.17,757.4 2 0
github.com/avadhutp/phileas/vendor/github.com/denisenkom/go-mssqldb/tds.go:761.9,763.3 1 26
github.com/avadhutp/phileas/vendor/github.com/denisenkom/go-mssqldb/tds.go:766.8,768.3 1 0
github.com/avadhutp/phileas/vendor/github.com/denisenkom/go-mssqldb/tds.go:768.3,770.3 1 27
github.com/avadhutp/phileas/vendor/github.com/denisenkom/go-mssqldb/tds.go:773.8,775.3 1 0
github.com/avadhutp/phileas/vendor/github.com/denisenkom/go-mssqldb/tds.go:775.3,777.17 2 27
github.com/avadhutp/phileas/vendor/github.com/denisenkom/go-mssqldb/tds.go:777.17,779.4 1 27
github.com/avadhutp/phileas/vendor/github.com/denisenkom/go-mssqldb/tds.go:783.9,785.3 1 27
github.com/avadhutp/phileas/vendor/github.com/denisenkom/go-mssqldb/tds.go:789.8,790.30 1 0
github.com/avadhutp/phileas/vendor/github.com/denisenkom/go-mssqldb/tds.go:790.30,792.4 1 0
github.com/avadhutp/phileas/vendor/github.com/denisenkom/go-mssqldb/tds.go:807.66,810.16 3 26
github.com/avadhutp/phileas/vendor/github.com/denisenkom/go-mssqldb/tds.go:817.2,817.19 1 26
github.com/avadhutp/phileas/vendor/github.com/denisenkom/go-mssqldb/tds.go:862.2,862.17 1 26
github.com/avadhutp/phileas/vendor/github.com/denisenkom/go-mssqldb/tds.go:867.2,867.18 1 0
github.com/avadhutp/phileas/vendor/github.com/denisenkom/go-mssqldb/tds.go:810.16,812.16 2 0
github.com/avadhutp/phileas/vendor/github.com/denisenkom/go-mssqldb/tds.go:815.3,815.21 1 0
github.com/avadhutp/phileas/vendor/github.com/denisenkom/go-mssqldb/tds.go:812.16,814.4 1 0
github.com/avadhutp/phileas/vendor/github.com/denisenkom/go-mssqldb/tds.go:817.19,822.3 3 0
github.com/avadhutp/phileas/vendor/github.com/denisenkom/go-mssqldb/tds.go:822.3,827.26 4 26
github.com/avadhutp/phileas/vendor/github.com/denisenkom/go-mssqldb/tds.go:840.2,841.25 1 26
github.com/avadhutp/phileas/vendor/github.com/denisenkom/go-mssqldb/tds.go:827.26,828.23 1 52
github.com/avadhutp/phileas/vendor/github.com/denisenkom/go-mssqldb/tds.go:828.23,832.19 4 52
github.com/avadhutp/phileas/vendor/github.com/denisenkom/go-mssqldb/tds.go:832.19,834.6 1 0
github.com/avadhutp/phileas/vendor/github.com/denisenkom/go-mssqldb/tds.go:834.6,836.6 1 52
github.com/avadhutp/phileas/vendor/github.com/denisenkom/go-mssqldb/tds.go:841.25,842.11 1 52
github.com/avadhutp/phileas/vendor/github.com/denisenkom/go-mssqldb/tds.go:843.4,845.20 1 0
github.com/avadhutp/phileas/vendor/github.com/denisenkom/go-mssqldb/tds.go:855.5,856.20 2 0
github.com/avadhutp/phileas/vendor/github.com/denisenkom/go-mssqldb/tds.go:857.4,857.25 0 52
github.com/avadhutp/phileas/vendor/github.com/denisenkom/go-mssqldb/tds.go:845.20,846.29 1 0
github.com/avadhutp/phileas/vendor/github.com/denisenkom/go-mssqldb/tds.go:846.29,847.14 1 0
github.com/avadhutp/phileas/vendor/github.com/denisenkom/go-mssqldb/tds.go:848.7,849.20 1 0
github.com/avadhutp/phileas/vendor/github.com/denisenkom/go-mssqldb/tds.go:850.7,850.22 0 0
github.com/avadhutp/phileas/vendor/github.com/denisenkom/go-mssqldb/tds.go:862.17,865.3 2 26
github.com/avadhutp/phileas/vendor/github.com/denisenkom/go-mssqldb/tds.go:870.69,872.16 2 26
github.com/avadhutp/phileas/vendor/github.com/denisenkom/go-mssqldb/tds.go:876.1,878.16 2 26
github.com/avadhutp/phileas/vendor/github.com/denisenkom/go-mssqldb/tds.go:882.2,893.25 7 0
github.com/avadhutp/phileas/vendor/github.com/denisenkom/go-mssqldb/tds.go:900.2,909.16 3 0
github.com/avadhutp/phileas/vendor/github.com/denisenkom/go-mssqldb/tds.go:913.2,914.16 2 0
github.com/avadhutp/phileas/vendor/github.com/denisenkom/go-mssqldb/tds.go:918.2,919.9 2 0
github.com/avadhutp/phileas/vendor/github.com/denisenkom/go-mssqldb/tds.go:922.2,923.70 2 0
github.com/avadhutp/phileas/vendor/github.com/denisenkom/go-mssqldb/tds.go:927.2,927.30 1 0
github.com/avadhutp/phileas/vendor/github.com/denisenkom/go-mssqldb/tds.go:960.2,971.13 3 0
github.com/avadhutp/phileas/vendor/github.com/denisenkom/go-mssqldb/tds.go:982.2,983.16 2 0
github.com/avadhutp/phileas/vendor/github.com/denisenkom/go-mssqldb/tds.go:988.2,993.27 5 0
github.com/avadhutp/phileas/vendor/github.com/denisenkom/go-mssqldb/tds.go:1007.2,1007.21 1 0
github.com/avadhutp/phileas/vendor/github.com/denisenkom/go-mssqldb/tds.go:1020.2,1020.14 1 0
github.com/avadhutp/phileas/vendor/github.com/denisenkom/go-mssqldb/tds.go:1023.2,1023.29 1 0
github.com/avadhutp/phileas/vendor/github.com/denisenkom/go-mssqldb/tds.go:1029.2,1029.19 1 0
github.com/avadhutp/phileas/vendor/github.com/denisenkom/go-mssqldb/tds.go:872.16,874.3 1 0
github.com/avadhutp/phileas/vendor/github.com/denisenkom/go-mssqldb/tds.go:878.16,880.3 1 26
github.com/avadhutp/phileas/vendor/github.com/denisenkom/go-mssqldb/tds.go:893.25,895.3 1 0
github.com/avadhutp/phileas/vendor/github.com/denisenkom/go-mssqldb/tds.go:895.3,895.22 1 0
github.com/avadhutp/phileas/vendor/github.com/denisenkom/go-mssqldb/tds.go:895.22,897.3 1 0
github.com/avadhutp/phileas/vendor/github.com/denisenkom/go-mssqldb/tds.go:897.3,899.3 1 0
github.com/avadhutp/phileas/vendor/github.com/denisenkom/go-mssqldb/tds.go:909.16,911.3 1 0
github.com/avadhutp/phileas/vendor/github.com/denisenkom/go-mssqldb/tds.go:914.16,916.3 1 0
github.com/avadhutp/phileas/vendor/github.com/denisenkom/go-mssqldb/tds.go:919.9,921.3 1 0
github.com/avadhutp/phileas/vendor/github.com/denisenkom/go-mssqldb/tds.go:923.70,925.3 1 0
github.com/avadhutp/phileas/vendor/github.com/denisenkom/go-mssqldb/tds.go:927.30,929.26 2 0
github.com/avadhutp/phileas/vendor/github.com/denisenkom/go-mssqldb/tds.go:939.3,939.31 1 0
github.com/avadhutp/phileas/vendor/github.com/denisenkom/go-mssqldb/tds.go:942.3,949.17 8 0
github.com/avadhutp/phileas/vendor/github.com/denisenkom/go-mssqldb/tds.go:953.3,953.28 1 0
github.com/avadhutp/phileas/vendor/github.com/denisenkom/go-mssqldb/tds.go:929.26,931.18 2 0
github.com/avadhutp/phileas/vendor/github.com/denisenkom/go-mssqldb/tds.go:935.4,937.26 3 0
github.com/avadhutp/phileas/vendor/github.com/denisenkom/go-mssqldb/tds.go:931.18,934.5 2 0
github.com/avadhutp/phileas/vendor/github.com/denisenkom/go-mssqldb/tds.go:939.31,941.4 1 0
github.com/avadhutp/phileas/vendor/github.com/denisenkom/go-mssqldb/tds.go:949.17,952.4 2 0
github.com/avadhutp/phileas/vendor/github.com/denisenkom/go-mssqldb/tds.go:953.28,954.31 1 0
github.com/avadhutp/phileas/vendor/github.com/denisenkom/go-mssqldb/tds.go:954.31,956.5 1 0
github.com/avadhutp/phileas/vendor/github.com/denisenkom/go-mssqldb/tds.go:971.13,973.17 2 0
github.com/avadhutp/phileas/vendor/github.com/denisenkom/go-mssqldb/tds.go:976.3,977.20 2 0
github.com/avadhutp/phileas/vendor/github.com/denisenkom/go-mssqldb/tds.go:973.17,975.4 1 0
github.com/avadhutp/phileas/vendor/github.com/denisenkom/go-mssqldb/tds.go:978.3,981.3 2 0
github.com/avadhutp/phileas/vendor/github.com/denisenkom/go-mssqldb/tds.go:983.16,985.3 1 0
github.com/avadhutp/phileas/vendor/github.com/denisenkom/go-mssqldb/tds.go:993.27,994.30 1 0
github.com/avadhutp/phileas/vendor/github.com/denisenkom/go-mssqldb/tds.go:995.3,997.18 2 0
github.com/avadhutp/phileas/vendor/github.com/denisenkom/go-mssqldb/tds.go:1000.3,1002.25 2 0
github.com/avadhutp/phileas/vendor/github.com/denisenkom/go-mssqldb/tds.go:1003.3,1004.60 1 0
github.com/avadhutp/phileas/vendor/github.com/denisenkom/go-mssqldb/tds.go:997.18,999.5 1 0
github.com/avadhutp/phileas/vendor/github.com/denisenkom/go-mssqldb/tds.go:1007.21,1010.17 3 0
github.com/avadhutp/phileas/vendor/github.com/denisenkom/go-mssqldb/tds.go:1013.3,1014.17 2 0
github.com/avadhutp/phileas/vendor/github.com/denisenkom/go-mssqldb/tds.go:1017.3,1018.22 2 0
github.com/avadhutp/phileas/vendor/github.com/denisenkom/go-mssqldb/tds.go:1010.17,1012.4 1 0
github.com/avadhutp/phileas/vendor/github.com/denisenkom/go-mssqldb/tds.go:1014.17,1016.4 1 0
github.com/avadhutp/phileas/vendor/github.com/denisenkom/go-mssqldb/tds.go:1020.14,1022.3 1 0
github.com/avadhutp/phileas/vendor/github.com/denisenkom/go-mssqldb/tds.go:1023.29,1027.27 4 0
github.com/avadhutp/phileas/vendor/github.com/denisenkom/go-mssqldb/charset.go:8.51,11.20 1 0
github.com/avadhutp/phileas/vendor/github.com/denisenkom/go-mssqldb/charset.go:56.2,56.23 1 0
github.com/avadhutp/phileas/vendor/github.com/denisenkom/go-mssqldb/charset.go:86.2,86.15 1 0
github.com/avadhutp/phileas/vendor/github.com/denisenkom/go-mssqldb/charset.go:12.2,13.15 1 0
github.com/avadhutp/phileas/vendor/github.com/denisenkom/go-mssqldb/charset.go:14.2,15.15 1 0
github.com/avadhutp/phileas/vendor/github.com/denisenkom/go-mssqldb/charset.go:16.2,17.16 1 0
github.com/avadhutp/phileas/vendor/github.com/denisenkom/go-mssqldb/charset.go:18.2,19.16 1 0
github.com/avadhutp/phileas/vendor/github.com/denisenkom/go-mssqldb/charset.go:20.2,21.16 1 0
github.com/avadhutp/phileas/vendor/github.com/denisenkom/go-mssqldb/charset.go:22.2,23.16 1 0
github.com/avadhutp/phileas/vendor/github.com/denisenkom/go-mssqldb/charset.go:24.2,25.16 1 0
github.com/avadhutp/phileas/vendor/github.com/denisenkom/go-mssqldb/charset.go:26.2,27.16 1 0
github.com/avadhutp/phileas/vendor/github.com/denisenkom/go-mssqldb/charset.go:28.2,29.16 1 0
github.com/avadhutp/phileas/vendor/github.com/denisenkom/go-mssqldb/charset.go:30.2,31.16 1 0
github.com/avadhutp/phileas/vendor/github.com/denisenkom/go-mssqldb/charset.go:32.2,33.16 1 0
github.com/avadhutp/phileas/vendor/github.com/denisenkom/go-mssqldb/charset.go:34.2,35.15 1 0
github.com/avadhutp/phileas/vendor/github.com/denisenkom/go-mssqldb/charset.go:36.2,37.15 1 0
github.com/avadhutp/phileas/vendor/github.com/denisenkom/go-mssqldb/charset.go:38.2,39.15 1 0
github.com/avadhutp/phileas/vendor/github.com/denisenkom/go-mssqldb/charset.go:40.2,41.15 1 0
github.com/avadhutp/phileas/vendor/github.com/denisenkom/go-mssqldb/charset.go:42.2,43.15 1 0
github.com/avadhutp/phileas/vendor/github.com/denisenkom/go-mssqldb/charset.go:44.2,45.15 1 0
github.com/avadhutp/phileas/vendor/github.com/denisenkom/go-mssqldb/charset.go:46.2,47.15 1 0
github.com/avadhutp/phileas/vendor/github.com/denisenkom/go-mssqldb/charset.go:48.2,49.15 1 0
github.com/avadhutp/phileas/vendor/github.com/denisenkom/go-mssqldb/charset.go:50.2,51.15 1 0
github.com/avadhutp/phileas/vendor/github.com/denisenkom/go-mssqldb/charset.go:52.2,53.16 1 0
github.com/avadhutp/phileas/vendor/github.com/denisenkom/go-mssqldb/charset.go:57.2,58.15 1 0
github.com/avadhutp/phileas/vendor/github.com/denisenkom/go-mssqldb/charset.go:59.2,60.15 1 0
github.com/avadhutp/phileas/vendor/github.com/denisenkom/go-mssqldb/charset.go:61.2,62.15 1 0
github.com/avadhutp/phileas/vendor/github.com/denisenkom/go-mssqldb/charset.go:63.2,64.15 1 0
github.com/avadhutp/phileas/vendor/github.com/denisenkom/go-mssqldb/charset.go:65.2,66.15 1 0
github.com/avadhutp/phileas/vendor/github.com/denisenkom/go-mssqldb/charset.go:67.2,68.16 1 0
github.com/avadhutp/phileas/vendor/github.com/denisenkom/go-mssqldb/charset.go:69.2,70.16 1 0
github.com/avadhutp/phileas/vendor/github.com/denisenkom/go-mssqldb/charset.go:71.2,72.16 1 0
github.com/avadhutp/phileas/vendor/github.com/denisenkom/go-mssqldb/charset.go:73.2,74.16 1 0
github.com/avadhutp/phileas/vendor/github.com/denisenkom/go-mssqldb/charset.go:75.2,76.16 1 0
github.com/avadhutp/phileas/vendor/github.com/denisenkom/go-mssqldb/charset.go:77.2,78.16 1 0
github.com/avadhutp/phileas/vendor/github.com/denisenkom/go-mssqldb/charset.go:79.2,80.16 1 0
github.com/avadhutp/phileas/vendor/github.com/denisenkom/go-mssqldb/charset.go:81.2,82.16 1 0
github.com/avadhutp/phileas/vendor/github.com/denisenkom/go-mssqldb/charset.go:83.2,84.13 1 0
github.com/avadhutp/phileas/vendor/github.com/denisenkom/go-mssqldb/charset.go:89.51,91.15 2 0
github.com/avadhutp/phileas/vendor/github.com/denisenkom/go-mssqldb/charset.go:94.2,95.30 2 0
github.com/avadhutp/phileas/vendor/github.com/denisenkom/go-mssqldb/charset.go:112.2,112.20 1 0
github.com/avadhutp/phileas/vendor/github.com/denisenkom/go-mssqldb/charset.go:91.15,93.3 1 0
github.com/avadhutp/phileas/vendor/github.com/denisenkom/go-mssqldb/charset.go:95.30,97.15 2 0
github.com/avadhutp/phileas/vendor/github.com/denisenkom/go-mssqldb/charset.go:110.3,110.24 1 0
github.com/avadhutp/phileas/vendor/github.com/denisenkom/go-mssqldb/charset.go:97.15,98.21 1 0
github.com/avadhutp/phileas/vendor/github.com/denisenkom/go-mssqldb/charset.go:98.21,100.5 1 0
github.com/avadhutp/phileas/vendor/github.com/denisenkom/go-mssqldb/charset.go:100.5,105.12 5 0
github.com/avadhutp/phileas/vendor/github.com/denisenkom/go-mssqldb/charset.go:105.12,107.6 1 0
github.com/avadhutp/phileas/vendor/github.com/denisenkom/go-mssqldb/collation.go:15.37,17.2 1 0
github.com/avadhutp/phileas/vendor/github.com/denisenkom/go-mssqldb/collation.go:19.38,21.2 1 0
github.com/avadhutp/phileas/vendor/github.com/denisenkom/go-mssqldb/collation.go:23.40,25.2 1 0
github.com/avadhutp/phileas/vendor/github.com/denisenkom/go-mssqldb/collation.go:27.50,31.2 3 0
github.com/avadhutp/phileas/vendor/github.com/denisenkom/go-mssqldb/collation.go:33.61,34.78 1 0
github.com/avadhutp/phileas/vendor/github.com/denisenkom/go-mssqldb/collation.go:37.2,38.8 2 0
github.com/avadhutp/phileas/vendor/github.com/denisenkom/go-mssqldb/collation.go:34.78,36.3 1 0
